This is pdfTeX, Version 3.141592653-2.6-1.40.25 (TeX Live 2023) (preloaded format=pdflatex)
 restricted \write18 enabled.
entering extended mode
(./thesis.tex
LaTeX2e <2022-11-01> patch level 1
L3 programming layer <2023-02-22>
(/usr/local/texlive/2023/texmf-dist/tex/latex/base/report.cls
Document Class: report 2022/07/02 v1.4n Standard LaTeX document class
(/usr/local/texlive/2023/texmf-dist/tex/latex/base/size12.clo))
(/usr/local/texlive/2023/texmf-dist/tex/latex/base/inputenc.sty)
(/usr/local/texlive/2023/texmf-dist/tex/latex/base/fontenc.sty)
(/usr/local/texlive/2023/texmf-dist/tex/latex/lm/lmodern.sty)
(/usr/local/texlive/2023/texmf-dist/tex/generic/babel/babel.sty
(/usr/local/texlive/2023/texmf-dist/tex/generic/babel/txtbabel.def)
(/usr/local/texlive/2023/texmf-dist/tex/generic/babel-french/french.ldf))
(/usr/local/texlive/2023/texmf-dist/tex/generic/babel/locale/fr/babel-french.te
x) (/usr/local/texlive/2023/texmf-dist/tex/latex/carlisle/scalefnt.sty)
(/usr/local/texlive/2023/texmf-dist/tex/latex/graphics/keyval.sty)
(/usr/local/texlive/2023/texmf-dist/tex/latex/csquotes/csquotes.sty
(/usr/local/texlive/2023/texmf-dist/tex/latex/etoolbox/etoolbox.sty)
(/usr/local/texlive/2023/texmf-dist/tex/latex/csquotes/csquotes.def)
(/usr/local/texlive/2023/texmf-dist/tex/latex/csquotes/csquotes.cfg))
(/usr/local/texlive/2023/texmf-dist/tex/latex/geometry/geometry.sty
(/usr/local/texlive/2023/texmf-dist/tex/generic/iftex/ifvtex.sty
(/usr/local/texlive/2023/texmf-dist/tex/generic/iftex/iftex.sty)))
(/usr/local/texlive/2023/texmf-dist/tex/latex/setspace/setspace.sty)
(/usr/local/texlive/2023/texmf-dist/tex/latex/graphics/graphicx.sty
(/usr/local/texlive/2023/texmf-dist/tex/latex/graphics/graphics.sty
(/usr/local/texlive/2023/texmf-dist/tex/latex/graphics/trig.sty)
(/usr/local/texlive/2023/texmf-dist/tex/latex/graphics-cfg/graphics.cfg)
(/usr/local/texlive/2023/texmf-dist/tex/latex/graphics-def/pdftex.def)))
(/usr/local/texlive/2023/texmf-dist/tex/latex/float/float.sty)
(/usr/local/texlive/2023/texmf-dist/tex/latex/caption/caption.sty
(/usr/local/texlive/2023/texmf-dist/tex/latex/caption/caption3.sty))
(/usr/local/texlive/2023/texmf-dist/tex/latex/caption/subcaption.sty)
(/usr/local/texlive/2023/texmf-dist/tex/latex/tools/array.sty)
(/usr/local/texlive/2023/texmf-dist/tex/latex/tools/longtable.sty)
(/usr/local/texlive/2023/texmf-dist/tex/latex/booktabs/booktabs.sty)
(/usr/local/texlive/2023/texmf-dist/tex/latex/multirow/multirow.sty)
(/usr/local/texlive/2023/texmf-dist/tex/latex/titlesec/titlesec.sty)
(/usr/local/texlive/2023/texmf-dist/tex/latex/fancyhdr/fancyhdr.sty)
(/usr/local/texlive/2023/texmf-dist/tex/latex/amsmath/amsmath.sty
For additional information on amsmath, use the `?' option.
(/usr/local/texlive/2023/texmf-dist/tex/latex/amsmath/amstext.sty
(/usr/local/texlive/2023/texmf-dist/tex/latex/amsmath/amsgen.sty))
(/usr/local/texlive/2023/texmf-dist/tex/latex/amsmath/amsbsy.sty)
(/usr/local/texlive/2023/texmf-dist/tex/latex/amsmath/amsopn.sty))
(/usr/local/texlive/2023/texmf-dist/tex/latex/amsfonts/amssymb.sty
(/usr/local/texlive/2023/texmf-dist/tex/latex/amsfonts/amsfonts.sty))
(/usr/local/texlive/2023/texmf-dist/tex/latex/url/url.sty)
(/usr/local/texlive/2023/texmf-dist/tex/latex/hyperref/hyperref.sty
(/usr/local/texlive/2023/texmf-dist/tex/generic/ltxcmds/ltxcmds.sty)
(/usr/local/texlive/2023/texmf-dist/tex/generic/pdftexcmds/pdftexcmds.sty
(/usr/local/texlive/2023/texmf-dist/tex/generic/infwarerr/infwarerr.sty))
(/usr/local/texlive/2023/texmf-dist/tex/latex/kvsetkeys/kvsetkeys.sty)
(/usr/local/texlive/2023/texmf-dist/tex/generic/kvdefinekeys/kvdefinekeys.sty)
(/usr/local/texlive/2023/texmf-dist/tex/generic/pdfescape/pdfescape.sty)
(/usr/local/texlive/2023/texmf-dist/tex/latex/hycolor/hycolor.sty)
(/usr/local/texlive/2023/texmf-dist/tex/latex/letltxmacro/letltxmacro.sty)
(/usr/local/texlive/2023/texmf-dist/tex/latex/auxhook/auxhook.sty)
(/usr/local/texlive/2023/texmf-dist/tex/latex/hyperref/nameref.sty
(/usr/local/texlive/2023/texmf-dist/tex/latex/refcount/refcount.sty)
(/usr/local/texlive/2023/texmf-dist/tex/generic/gettitlestring/gettitlestring.s
ty (/usr/local/texlive/2023/texmf-dist/tex/latex/kvoptions/kvoptions.sty)))
(/usr/local/texlive/2023/texmf-dist/tex/latex/hyperref/pd1enc.def)
(/usr/local/texlive/2023/texmf-dist/tex/generic/intcalc/intcalc.sty)
(/usr/local/texlive/2023/texmf-dist/tex/generic/etexcmds/etexcmds.sty)
(/usr/local/texlive/2023/texmf-dist/tex/latex/hyperref/puenc.def)
(/usr/local/texlive/2023/texmf-dist/tex/generic/bitset/bitset.sty
(/usr/local/texlive/2023/texmf-dist/tex/generic/bigintcalc/bigintcalc.sty))
(/usr/local/texlive/2023/texmf-dist/tex/latex/base/atbegshi-ltx.sty))
(/usr/local/texlive/2023/texmf-dist/tex/latex/hyperref/hpdftex.def
(/usr/local/texlive/2023/texmf-dist/tex/latex/base/atveryend-ltx.sty)
(/usr/local/texlive/2023/texmf-dist/tex/latex/rerunfilecheck/rerunfilecheck.sty

(/usr/local/texlive/2023/texmf-dist/tex/generic/uniquecounter/uniquecounter.sty
))) (/usr/local/texlive/2023/texmf-dist/tex/latex/xcolor/xcolor.sty
(/usr/local/texlive/2023/texmf-dist/tex/latex/graphics-cfg/color.cfg)
(/usr/local/texlive/2023/texmf-dist/tex/latex/graphics/mathcolor.ltx))
(/usr/local/texlive/2023/texmf-dist/tex/latex/microtype/microtype.sty
(/usr/local/texlive/2023/texmf-dist/tex/latex/microtype/microtype-pdftex.def)
(/usr/local/texlive/2023/texmf-dist/tex/latex/microtype/microtype.cfg))
(/usr/local/texlive/2023/texmf-dist/tex/latex/base/textcomp.sty)
(/usr/local/texlive/2023/texmf-dist/tex/latex/biblatex/biblatex.sty
(/usr/local/texlive/2023/texmf-dist/tex/latex/logreq/logreq.sty
(/usr/local/texlive/2023/texmf-dist/tex/latex/logreq/logreq.def))
(/usr/local/texlive/2023/texmf-dist/tex/latex/base/ifthen.sty)
(/usr/local/texlive/2023/texmf-dist/tex/latex/biblatex/blx-dm.def)
(/usr/local/texlive/2023/texmf-dist/tex/latex/biblatex-apa/apa.dbx)
(/usr/local/texlive/2023/texmf-dist/tex/latex/biblatex/blx-compat.def)
(/usr/local/texlive/2023/texmf-dist/tex/latex/biblatex/biblatex.def)
(/usr/local/texlive/2023/texmf-dist/tex/latex/biblatex-apa/apa.bbx
(/usr/local/texlive/2023/texmf-dist/tex/latex/biblatex/bbx/standard.bbx))
(/usr/local/texlive/2023/texmf-dist/tex/latex/biblatex-apa/apa.cbx)
(/usr/local/texlive/2023/texmf-dist/tex/latex/biblatex/biblatex.cfg)
(/usr/local/texlive/2023/texmf-dist/tex/latex/l3kernel/expl3.sty
(/usr/local/texlive/2023/texmf-dist/tex/latex/l3backend/l3backend-pdftex.def))
(/usr/local/texlive/2023/texmf-dist/tex/latex/biblatex/blx-case-expl3.sty
(/usr/local/texlive/2023/texmf-dist/tex/latex/l3packages/xparse/xparse.sty)))
(/usr/local/texlive/2023/texmf-dist/tex/latex/lm/t1lmr.fd) (./thesis.aux)
*geometry* driver: auto-detecting
*geometry* detected driver: pdftex
(/usr/local/texlive/2023/texmf-dist/tex/context/base/mkii/supp-pdf.mkii
[Loading MPS to PDF converter (version 2006.09.02).]
) (/usr/local/texlive/2023/texmf-dist/tex/latex/epstopdf-pkg/epstopdf-base.sty
(/usr/local/texlive/2023/texmf-dist/tex/latex/latexconfig/epstopdf-sys.cfg))
(/usr/local/texlive/2023/texmf-dist/tex/latex/caption/ltcaption.sty)
(./thesis.out) (./thesis.out)
(/usr/local/texlive/2023/texmf-dist/tex/latex/microtype/mt-cmr.cfg)
(/usr/local/texlive/2023/texmf-dist/tex/latex/biblatex-apa/french-apa.lbx
(/usr/local/texlive/2023/texmf-dist/tex/latex/biblatex/lbx/french.lbx)
(/usr/local/texlive/2023/texmf-dist/tex/latex/biblatex/lbx/french.lbx))
(./thesis.bbl) (/usr/local/texlive/2023/texmf-dist/tex/latex/lm/ot1lmr.fd)
(/usr/local/texlive/2023/texmf-dist/tex/latex/lm/omllmm.fd)
(/usr/local/texlive/2023/texmf-dist/tex/latex/lm/omslmsy.fd)
(/usr/local/texlive/2023/texmf-dist/tex/latex/lm/omxlmex.fd)
(/usr/local/texlive/2023/texmf-dist/tex/latex/amsfonts/umsa.fd)
(/usr/local/texlive/2023/texmf-dist/tex/latex/microtype/mt-msa.cfg)
(/usr/local/texlive/2023/texmf-dist/tex/latex/amsfonts/umsb.fd)
(/usr/local/texlive/2023/texmf-dist/tex/latex/microtype/mt-msb.cfg) [1{/usr/loc
al/texlive/2023/texmf-var/fonts/map/pdftex/updmap/pdftex.map}{/usr/local/texliv
e/2023/texmf-dist/fonts/enc/dvips/lm/lm-ec.enc}] (./parts/executive_summary.tex

Underfull \hbox (badness 10000) in paragraph at lines 3--34


Underfull \hbox (badness 10000) in paragraph at lines 3--34


Underfull \hbox (badness 10000) in paragraph at lines 3--34


Underfull \hbox (badness 10000) in paragraph at lines 3--34

[1] [2])
Underfull \hbox (badness 10000) in paragraph at lines 39--151


Underfull \hbox (badness 10000) in paragraph at lines 39--151


Underfull \hbox (badness 10000) in paragraph at lines 39--151


Underfull \hbox (badness 10000) in paragraph at lines 39--151

[3] (./parts/preface.tex)
Underfull \hbox (badness 10000) in paragraph at lines 6--156


Underfull \hbox (badness 10000) in paragraph at lines 6--156


Underfull \hbox (badness 10000) in paragraph at lines 6--156


Underfull \hbox (badness 10000) in paragraph at lines 6--156


Underfull \hbox (badness 10000) in paragraph at lines 6--156

[4] [5] (./parts/remerciements.tex)
Underfull \hbox (badness 10000) in paragraph at lines 1--160


Underfull \hbox (badness 10000) in paragraph at lines 1--160


Underfull \hbox (badness 10000) in paragraph at lines 1--160


Underfull \hbox (badness 10000) in paragraph at lines 1--160


Underfull \hbox (badness 10000) in paragraph at lines 1--160


Underfull \hbox (badness 10000) in paragraph at lines 1--160


Underfull \hbox (badness 10000) in paragraph at lines 1--160

[6] (./thesis.toc [7] [8{/usr/local/texlive/2023/texmf-dist/fonts/enc/dvips/lm/
lm-mathsy.enc}] [9] [10] [11]) [12] (./thesis.lof) [13] (./thesis.lot) [14]
(./parts/introduction.tex
Chapitre 1.

Underfull \hbox (badness 10000) in paragraph at lines 6--14


Underfull \hbox (badness 10000) in paragraph at lines 6--14


Underfull \hbox (badness 10000) in paragraph at lines 6--14


Underfull \hbox (badness 10000) in paragraph at lines 6--14


pdfTeX warning (ext4): destination with the same identifier (name{page.1}) has 
been already used, duplicate ignored
<to be read again> 
                   \relax 
l.20 
      [1] [2] [3] [4]) (./parts/literature_review.tex [5]
Chapitre 2.
[6] [7] [8] [9] [10] [11]) (./parts/field_diagnosis.tex [12]
Chapitre 3.
[13] [14] [15] [16]
Underfull \hbox (badness 10000) in paragraph at lines 139--140
[]|\T1/lmr/m/n/12 (+20) Cabinets bou-tique IA,

Underfull \hbox (badness 10000) in paragraph at lines 139--140
\T1/lmr/m/n/12 (+20) for-ma-teurs in-dé-pen-dants,

Underfull \hbox (badness 10000) in paragraph at lines 142--142
[]|\T1/lmr/m/n/12 (+20) Standardisation, tem-plates, kits

Underfull \hbox (badness 10000) in paragraph at lines 142--143
[]|\T1/lmr/m/n/12 (+20) ESN, équipes in-ternes

Underfull \hbox (badness 10000) in paragraph at lines 143--143
[]|\T1/lmr/m/n/12 (-16) MCO/Amélioration

Underfull \hbox (badness 10000) in paragraph at lines 143--143
[]|\T1/lmr/m/n/12 (+20) Monitoring qua-lité, évo-lu-tion
[17] [18] [19{/usr/local/texlive/2023/texmf-dist/fonts/enc/dvips/lm/lm-mathit.e
nc}] (/usr/local/texlive/2023/texmf-dist/tex/latex/lm/ts1lmr.fd) [20{/usr/local
/texlive/2023/texmf-dist/fonts/enc/dvips/lm/lm-ts1.enc}{/usr/local/texlive/2023
/texmf-dist/fonts/enc/dvips/lm/lm-rm.enc}]
Underfull \hbox (badness 10000) in paragraph at lines 241--241
[]|\T1/lmr/m/n/12 (+20) Traitement do-cu-men-taire

Underfull \hbox (badness 10000) in paragraph at lines 243--243
[]|\T1/lmr/m/n/12 (+20) Rédaction as-sis-tée (emails,

Underfull \hbox (badness 10000) in paragraph at lines 244--245
[]|\T1/lmr/m/n/12 (+20) Moyenne (post-

Underfull \hbox (badness 10000) in paragraph at lines 245--245
[]|\T1/lmr/m/n/12 (+20) Automatisation back-office

Underfull \hbox (badness 1859) in paragraph at lines 246--247
[]|\T1/lmr/m/n/12 (+20) Basse (phase sca-
[21]) (./parts/luwai_case_study.tex [22]
Chapitre 4.
[23]

Package fancyhdr Warning: \headheight is too small (15.0pt): 
(fancyhdr)                Make it at least 15.35403pt, for example:
(fancyhdr)                \setlength{\headheight}{15.35403pt}.
(fancyhdr)                You might also make \topmargin smaller to compensate:

(fancyhdr)                \addtolength{\topmargin}{-0.35403pt}.

[24]
Underfull \hbox (badness 10000) in paragraph at lines 92--93
[]|\T1/lmr/m/n/12 (+20) Ciblage PME-ETI ;

Underfull \hbox (badness 10000) in paragraph at lines 92--93
\T1/lmr/m/n/12 (+20) ICP dé-fini (50-500

Underfull \hbox (badness 10000) in paragraph at lines 93--94
[]|\T1/lmr/m/n/12 (+20) Script + sé-quence

Underfull \hbox (badness 10000) in paragraph at lines 93--94
\T1/lmr/m/n/12 (+20) 4 touches (té-lé-

Overfull \hbox (10.12383pt too wide) in paragraph at lines 93--94
\T1/lmr/m/n/12 (-20) phone+email+LinkedIn)| 

Underfull \hbox (badness 1033) in paragraph at lines 94--95
[]|\T1/lmr/m/n/12 (+20) Problème re-connu +

Underfull \hbox (badness 10000) in paragraph at lines 95--96
[]|\T1/lmr/m/n/12 (+20) Offre mo-du-laire

Underfull \hbox (badness 7595) in paragraph at lines 95--96
\T1/lmr/m/n/12 (+20) F^^UC^^UD ali-gnée sur

Underfull \hbox (badness 1337) in paragraph at lines 96--97
[]|\T1/lmr/m/n/12 (+20) Cycle 4^^U8 se-maines ;

Package fancyhdr Warning: \headheight is too small (15.0pt): 
(fancyhdr)                Make it at least 15.35403pt, for example:
(fancyhdr)                \setlength{\headheight}{15.35403pt}.
(fancyhdr)                You might also make \topmargin smaller to compensate:

(fancyhdr)                \addtolength{\topmargin}{-0.35403pt}.

[25]
Underfull \hbox (badness 1152) in paragraph at lines 121--122
[]|\T1/lmr/m/n/12 (+20) Demande client ex-pli-cite ^^S et

Underfull \hbox (badness 10000) in paragraph at lines 122--122
[]|\T1/lmr/m/n/12 (+20) Intégration De-li-very (pi-lotes

Underfull \hbox (badness 1490) in paragraph at lines 122--123
[]|\T1/lmr/m/n/12 (+20) Besoin d'im-plé-men-ta-tion. NPS

Underfull \hbox (badness 5274) in paragraph at lines 122--123
\T1/lmr/m/n/12 (+20) 8,2/10 ; ré-cur-rence post-pilote

Package fancyhdr Warning: \headheight is too small (15.0pt): 
(fancyhdr)                Make it at least 15.35403pt, for example:
(fancyhdr)                \setlength{\headheight}{15.35403pt}.
(fancyhdr)                You might also make \topmargin smaller to compensate:

(fancyhdr)                \addtolength{\topmargin}{-0.35403pt}.

[26]

Package fancyhdr Warning: \headheight is too small (15.0pt): 
(fancyhdr)                Make it at least 15.35403pt, for example:
(fancyhdr)                \setlength{\headheight}{15.35403pt}.
(fancyhdr)                You might also make \topmargin smaller to compensate:

(fancyhdr)                \addtolength{\topmargin}{-0.35403pt}.

[27]
Overfull \hbox (14.50952pt too wide) in paragraph at lines 166--167
[]\T1/lmr/bx/n/12 (-20) Profil type \T1/lmr/m/n/12 (-20) : DSI, res-pon-sable d
ata, in-gé-nieur IT, 30-45 ans, sen-si-bi-lité sé-cu-rité/conformité 

Underfull \hbox (badness 10000) in paragraph at lines 179--180
[]|\T1/lmr/bx/n/12 (+20) Points de Fric-tion

Underfull \hbox (badness 10000) in paragraph at lines 182--182
[]|\T1/lmr/m/n/12 (+20) Démonstration, cas

Underfull \hbox (badness 4940) in paragraph at lines 183--183
[]|\T1/lmr/m/n/12 (+20) Comparaison pres-ta-

Overfull \hbox (8.18393pt too wide) in paragraph at lines 185--185
[]|\T1/lmr/m/n/12 (-20) Implémentation| 

Underfull \hbox (badness 10000) in paragraph at lines 186--187
[]|\T1/lmr/m/n/12 (+20) Changement in-ter-lo-cu-

Package fancyhdr Warning: \headheight is too small (15.0pt): 
(fancyhdr)                Make it at least 15.35403pt, for example:
(fancyhdr)                \setlength{\headheight}{15.35403pt}.
(fancyhdr)                You might also make \topmargin smaller to compensate:

(fancyhdr)                \addtolength{\topmargin}{-0.35403pt}.

[28]
Underfull \hbox (badness 10000) in paragraph at lines 208--208
[]|\T1/lmr/m/n/12 (+20) Atelier CO-DIR multi-

Underfull \hbox (badness 1735) in paragraph at lines 211--211
[]|\T1/lmr/m/n/12 (+20) Standardisation + for-ma-

Package fancyhdr Warning: \headheight is too small (15.0pt): 
(fancyhdr)                Make it at least 15.35403pt, for example:
(fancyhdr)                \setlength{\headheight}{15.35403pt}.
(fancyhdr)                You might also make \topmargin smaller to compensate:

(fancyhdr)                \addtolength{\topmargin}{-0.35403pt}.

[29]

Package fancyhdr Warning: \headheight is too small (15.0pt): 
(fancyhdr)                Make it at least 15.35403pt, for example:
(fancyhdr)                \setlength{\headheight}{15.35403pt}.
(fancyhdr)                You might also make \topmargin smaller to compensate:

(fancyhdr)                \addtolength{\topmargin}{-0.35403pt}.

[30]) (./parts/recommendations.tex

Package fancyhdr Warning: \headheight is too small (15.0pt): 
(fancyhdr)                Make it at least 15.35403pt, for example:
(fancyhdr)                \setlength{\headheight}{15.35403pt}.
(fancyhdr)                You might also make \topmargin smaller to compensate:

(fancyhdr)                \addtolength{\topmargin}{-0.35403pt}.

[31]
Chapitre 5.
[32]
Underfull \hbox (badness 10000) in paragraph at lines 55--55
[]|\T1/lmr/bx/n/12 (+20) Impact

Underfull \hbox (badness 10000) in paragraph at lines 55--55
[]|\T1/lmr/bx/n/12 (+20) Adoption

Underfull \hbox (badness 10000) in paragraph at lines 55--55
[]|\T1/lmr/bx/n/12 (+20) Facilité

Overfull \hbox (19.54674pt too wide) in alignment at lines 53--63
 [] [] [] [] [] 
[33]
Underfull \hbox (badness 10000) in paragraph at lines 82--82
[]|\T1/lmr/m/n/12 (+20) Heures ga-

Underfull \hbox (badness 10000) in paragraph at lines 82--82
\T1/lmr/m/n/12 (+20) gnées/semaine/personne

Overfull \hbox (12.61815pt too wide) in alignment at lines 77--87
 [] [] [] 
[34]
Overfull \hbox (19.99179pt too wide) in paragraph at lines 109--110
[]\T1/lmr/m/n/12 (-20) Traçabilité : jour-na-li-sa-tion des prompts et out-puts
 ; do-cu-men-ta-tion des mo-dèles/fournisseurs. 
) (./parts/conclusion.tex [35]
Chapitre 6.
[36] [37]) [38] [39] [40] (./parts/appendix_methodology.tex [41]
Annexe A.
[42]
Underfull \hbox (badness 10000) in paragraph at lines 68--68
[]|\T1/lmr/m/n/12 (+20) Infrastructure le-gacy

Underfull \hbox (badness 10000) in paragraph at lines 71--71
[]|\T1/lmr/m/n/12 (+20) Résistance gé-né-ra-tion-
[43]
Underfull \hbox (badness 1406) in paragraph at lines 83--83
[]|\T1/lmr/m/n/12 (+20) Formation / ac-cul-tu-ra-

Underfull \hbox (badness 1082) in paragraph at lines 83--84
[]|\T1/lmr/m/n/12 (+20) Création d'un lan-gage com-mun ; ate-liers CO-

Underfull \hbox (badness 1910) in paragraph at lines 85--86
[]|\T1/lmr/m/n/12 (+20) Réduction du temps heb-do-ma-daire de veille

Underfull \hbox (badness 10000) in paragraph at lines 88--88
[]|\T1/lmr/m/n/12 (+20) Automatisation back-

Underfull \hbox (badness 1038) in paragraph at lines 90--90
[]|\T1/lmr/m/n/12 (+20) Gouvernance & confor-
[44] (/usr/local/texlive/2023/texmf-dist/tex/latex/lm/t1lmtt.fd) [45])
(./parts/appendix_data.tex [46]
Annexe B.

Underfull \hbox (badness 10000) in paragraph at lines 26--27
[]|\T1/lmr/bx/n/12 (+20) Obs. prin-ci-

Underfull \hbox (badness 10000) in paragraph at lines 28--29
[]|\T1/lmr/m/n/12 (+20) Décision

Underfull \hbox (badness 10000) in paragraph at lines 28--29
\T1/lmr/m/n/12 (+20) ROI/risque,

Underfull \hbox (badness 10000) in paragraph at lines 28--29
\T1/lmr/m/n/12 (+20) spon-sor po-ten-

Underfull \hbox (badness 5847) in paragraph at lines 29--29
[]|\T1/lmr/m/n/12 (+20) Managers opé-ra-tion-nels (COO/Dir.

Underfull \hbox (badness 2582) in paragraph at lines 29--30
\T1/lmr/m/n/12 (+20) d'usage, charge
[47]
Underfull \hbox (badness 10000) in paragraph at lines 60--60
[]|\T1/lmr/bx/n/12 (+20) Client (ano-ny-

Underfull \hbox (badness 10000) in paragraph at lines 60--60
[]|\T1/lmr/bx/n/12 (+20) Montant (\TS1/lmr/bx/n/12 (+20) ¿

Underfull \hbox (badness 10000) in paragraph at lines 60--61
[]|\T1/lmr/bx/n/12 (+20) Résultats (12^^U18

Underfull \hbox (badness 10000) in paragraph at lines 64--65
[]|\T1/lmr/m/n/12 (+20) Sourcing -40%,

Underfull \hbox (badness 10000) in paragraph at lines 64--65
\T1/lmr/m/n/12 (+20) 2h/semaine li-bé-rées

Underfull \hbox (badness 10000) in paragraph at lines 65--65
[]|\T1/lmr/m/n/12 (+20) Carecall (santé

Underfull \hbox (badness 10000) in paragraph at lines 65--66
\T1/lmr/m/n/12 (+20) coût/opportunité

Overfull \hbox (18.92812pt too wide) in alignment at lines 58--68
 [] [] [] [] 
[48]
Overfull \hbox (35.38087pt too wide) in alignment at lines 72--82
 [] [] [] 
) (./parts/appendix_luwai_model.tex [49]
Annexe C.
[50] [51]
Overfull \hbox (0.25266pt too wide) in paragraph at lines 88--89
[]\T1/lmr/bx/n/12 (-20) Accompagnement gou-ver-nance \T1/lmr/m/n/12 (-20) : 200
-300\TS1/lmr/m/n/12 (-20) ¿\T1/lmr/m/n/12 (-20) /jour - Ex-per-tise ré-gle-men-
taire RGPD/IA

Overfull \hbox (4.1664pt too wide) in paragraph at lines 102--103
[]|\T1/lmr/bx/n/12 (-20) Positionnement| 

Underfull \hbox (badness 10000) in paragraph at lines 104--105
[]|\T1/lmr/m/n/12 (+20) Premium,

Underfull \hbox (badness 10000) in paragraph at lines 105--106
[]|\T1/lmr/m/n/12 (+20) Volume, tech-

Overfull \hbox (30.92812pt too wide) in alignment at lines 100--109
 [] [] [] [] [] 

Underfull \hbox (badness 10000) in paragraph at lines 122--122
[]|\T1/lmr/m/n/12 (+20) Propositions
[52]
Underfull \hbox (badness 10000) in paragraph at lines 151--152
[]|\T1/lmr/bx/n/12 (+20) Benchmark

Underfull \hbox (badness 10000) in paragraph at lines 170--170
[]|\T1/lmr/m/n/12 (+20) Taux adop-tion post-

Underfull \hbox (badness 1902) in paragraph at lines 170--171
[]|\T1/lmr/m/n/12 (+20) Au-dessus stan-

Underfull \hbox (badness 1033) in paragraph at lines 172--173
[]|\T1/lmr/m/n/12 (+20) Fidélisation éle-
[53]) (./parts/appendix_sectoral_analysis.tex [54]
Annexe D.

Underfull \hbox (badness 10000) in paragraph at lines 14--15
[]|\T1/lmr/bx/n/12 (+20) Positionnement

Underfull \hbox (badness 10000) in paragraph at lines 16--16
[]|\T1/lmr/m/n/12 (+20) Généraliste, moins

Underfull \hbox (badness 10000) in paragraph at lines 31--32
[]|\T1/lmr/bx/n/12 (+20) Positionnement

Underfull \hbox (badness 10000) in paragraph at lines 35--35
[]|\T1/lmr/m/n/12 (+20) Peu de for-ma-

Underfull \hbox (badness 2096) in paragraph at lines 36--37
[]|\T1/lmr/m/n/12 (+20) Positionnement tech-
[55]
Underfull \hbox (badness 10000) in paragraph at lines 48--49
[]|\T1/lmr/bx/n/12 (+20) Positionnement

Underfull \hbox (badness 10000) in paragraph at lines 50--50
[]|\T1/lmr/m/n/12 (+20) Souvent tech-nique,

Underfull \hbox (badness 10000) in paragraph at lines 51--51
[]|\T1/lmr/m/n/12 (+20) Positionnement pre-

Underfull \hbox (badness 3260) in paragraph at lines 51--52
[]|\T1/lmr/m/n/12 (+20) Accessible se-lon pa-

Underfull \hbox (badness 10000) in paragraph at lines 53--54
[]|\T1/lmr/m/n/12 (+20) Crédibilité à

Underfull \hbox (badness 10000) in paragraph at lines 65--66
[]|\T1/lmr/bx/n/12 (+20) Positionnement
[56]
Underfull \hbox (badness 10000) in paragraph at lines 80--80
[]|\T1/lmr/bx/n/12 (+20) Avantage concur-

Underfull \hbox (badness 10000) in paragraph at lines 84--84
[]|\T1/lmr/m/n/12 (+20) Agilité en-tre-pre-neu-
[57]
Underfull \hbox (badness 10000) in paragraph at lines 154--154
[]|\T1/lmr/m/n/12 (+20) Différenciation "human-

Underfull \hbox (badness 1783) in paragraph at lines 155--156
[]|\T1/lmr/m/n/12 (+20) Packages mo-du-laires, pri-
[58]
Underfull \hbox (badness 10000) in paragraph at lines 203--204
[]|\T1/lmr/m/n/12 (+20) Consentement ex-pli-cite,

Underfull \hbox (badness 2529) in paragraph at lines 204--205
[]|\T1/lmr/m/n/12 (+20) Anonymisation, du-rée de
[59]) (./parts/appendix_operational_recommendations.tex [60]
Annexe E.

Underfull \hbox (badness 7433) in paragraph at lines 12--12
[]|\T1/lmr/bx/n/12 (+20) Critères d'éva-lua-

Underfull \hbox (badness 10000) in paragraph at lines 14--14
[]|\T1/lmr/m/n/12 (+20) Gains pro-duc-ti-vité,

Underfull \hbox (badness 1496) in paragraph at lines 16--16
[]|\T1/lmr/m/n/12 (+20) Adoption Or-ga-

Underfull \hbox (badness 10000) in paragraph at lines 17--17
[]|\T1/lmr/m/n/12 (+20) Investissement

Underfull \hbox (badness 4013) in paragraph at lines 17--17
[]|\T1/lmr/m/n/12 (+20) Budget, temps, res-

Underfull \hbox (badness 1622) in paragraph at lines 18--18
[]|\T1/lmr/m/n/12 (+20) Technique, ré-gle-men-

Underfull \hbox (badness 10000) in paragraph at lines 18--19
[]|\T1/lmr/m/n/12 (+20) 1=Risques éle-vés,
[61{/usr/local/texlive/2023/texmf-dist/fonts/enc/dvips/lm/lm-mathex.enc}]
Underfull \hbox (badness 2351) in paragraph at lines 57--57
\T1/lmr/m/n/12 (+20) coût ho-raire \TS1/lmr/m/n/12 (+20) Ö

Underfull \hbox (badness 10000) in paragraph at lines 58--58
[]|\T1/lmr/m/n/12 (+20) Amélioration

Underfull \hbox (badness 2671) in paragraph at lines 58--59
[]|\T1/lmr/m/n/12 (+20) 20% amé-lio-ra-tion \TS1/lmr/m/n/12 (+20) Ö

Underfull \hbox (badness 10000) in paragraph at lines 59--59
[]|\T1/lmr/m/n/12 (+20) Formation

Overfull \hbox (3.22597pt too wide) in paragraph at lines 60--60
[]|\T1/lmr/m/n/12 (-20) Accompagnement| 

Underfull \hbox (badness 10000) in paragraph at lines 61--62
[]|\T1/lmr/m/n/12 (+20) 50 \TS1/lmr/m/n/12 (+20) Ö \T1/lmr/m/n/12 (+20) 20\TS1/
lmr/m/n/12 (+20) ¿ \T1/lmr/m/n/12 (+20) =
[62] [63]
Underfull \hbox (badness 2626) in paragraph at lines 154--154
[]|\T1/lmr/m/n/12 (+20) Contexte en-tre-

Underfull \hbox (badness 1122) in paragraph at lines 156--156
[]|\T1/lmr/m/n/12 (+20) Cas d'usage ci-

Underfull \hbox (badness 1033) in paragraph at lines 158--158
[]|\T1/lmr/m/n/12 (+20) Livrables at-ten-
[64]
Underfull \hbox (badness 10000) in paragraph at lines 202--203
[]|\T1/lmr/m/n/12 (+20) Réajustement res-

Underfull \hbox (badness 10000) in paragraph at lines 203--203
[]|\T1/lmr/m/n/12 (+20) Participation for-ma-

Underfull \hbox (badness 10000) in paragraph at lines 204--205
[]|\T1/lmr/m/n/12 (+20) Support uti-li-sa-teur,
[65]) [66] (./thesis.aux)

LaTeX Warning: There were undefined references.


Package biblatex Warning: Please rerun LaTeX.
(biblatex)                Page breaks have changed.

 )
(see the transcript file for additional information)</usr/local/texlive/2023/te
xmf-dist/fonts/type1/public/lm/lmbx12.pfb></usr/local/texlive/2023/texmf-dist/f
onts/type1/public/lm/lmcsc10.pfb></usr/local/texlive/2023/texmf-dist/fonts/type
1/public/lm/lmex10.pfb></usr/local/texlive/2023/texmf-dist/fonts/type1/public/l
m/lmmi12.pfb></usr/local/texlive/2023/texmf-dist/fonts/type1/public/lm/lmmi8.pf
b></usr/local/texlive/2023/texmf-dist/fonts/type1/public/lm/lmr12.pfb></usr/loc
al/texlive/2023/texmf-dist/fonts/type1/public/lm/lmr8.pfb></usr/local/texlive/2
023/texmf-dist/fonts/type1/public/lm/lmri12.pfb></usr/local/texlive/2023/texmf-
dist/fonts/type1/public/lm/lmsy10.pfb></usr/local/texlive/2023/texmf-dist/fonts
/type1/public/lm/lmsy8.pfb></usr/local/texlive/2023/texmf-dist/fonts/type1/publ
ic/lm/lmtt12.pfb>
Output written on thesis.pdf (81 pages, 387341 bytes).
Transcript written on thesis.log.
