\BOOKMARK [0][-]{chapter*.2}{\376\377\000R\000\351\000s\000u\000m\000\351\000\040\000E\000x\000\351\000c\000u\000t\000i\000f}{}% 1
\BOOKMARK [0][-]{chapter*.3}{\376\377\000P\000r\000\351\000f\000a\000c\000e}{}% 2
\BOOKMARK [0][-]{chapter*.4}{\376\377\000R\000e\000m\000e\000r\000c\000i\000e\000m\000e\000n\000t\000s}{}% 3
\BOOKMARK [0][-]{chapter.1}{\376\377\000I\000n\000t\000r\000o\000d\000u\000c\000t\000i\000o\000n}{}% 4
\BOOKMARK [1][-]{section.1.1}{\376\377\000C\000o\000n\000t\000e\000x\000t\000e\000\040\000e\000t\000\040\000e\000n\000j\000e\000u\000x}{chapter.1}% 5
\BOOKMARK [1][-]{section.1.2}{\376\377\000C\000o\000n\000t\000e\000x\000t\000e\000\040\000e\000t\000\040\000e\000n\000j\000e\000u\000x}{chapter.1}% 6
\BOOKMARK [1][-]{section.1.3}{\376\377\000P\000r\000o\000b\000l\000\351\000m\000a\000t\000i\000q\000u\000e\000\040\000c\000e\000n\000t\000r\000a\000l\000e}{chapter.1}% 7
\BOOKMARK [1][-]{section.1.4}{\376\377\000O\000b\000j\000e\000c\000t\000i\000f\000s\000\040\000d\000e\000\040\000r\000e\000c\000h\000e\000r\000c\000h\000e}{chapter.1}% 8
\BOOKMARK [2][-]{subsection.1.4.1}{\376\377\000C\000a\000r\000t\000o\000g\000r\000a\000p\000h\000i\000e\000r\000\040\000l\000'\000\351\000c\000o\000s\000y\000s\000t\000\350\000m\000e\000\040\000e\000t\000\040\000l\000a\000\040\000c\000h\000a\000\356\000n\000e\000\040\000d\000e\000\040\000v\000a\000l\000e\000u\000r\000\040\000I\000A\000\040\000e\000n\000\040\000F\000r\000a\000n\000c\000e}{section.1.4}% 9
\BOOKMARK [2][-]{subsection.1.4.2}{\376\377\000I\000d\000e\000n\000t\000i\000f\000i\000e\000r\000\040\000l\000e\000s\000\040\000r\000\351\000s\000i\000s\000t\000a\000n\000c\000e\000s\000\040\000o\000r\000g\000a\000n\000i\000s\000a\000t\000i\000o\000n\000n\000e\000l\000l\000e\000s\000\040\000e\000t\000\040\000c\000u\000l\000t\000u\000r\000e\000l\000l\000e\000s\000\040\000s\000p\000\351\000c\000i\000f\000i\000q\000u\000e\000s}{section.1.4}% 10
\BOOKMARK [2][-]{subsection.1.4.3}{\376\377\000A\000n\000a\000l\000y\000s\000e\000r\000\040\000l\000e\000\040\000m\000o\000d\000\350\000l\000e\000\040\000e\000n\000t\000r\000e\000p\000r\000e\000n\000e\000u\000r\000i\000a\000l\000\040\000L\000u\000w\000a\000i\000\040\000c\000o\000m\000m\000e\000\040\000c\000a\000s\000\040\000d\000'\000\351\000t\000u\000d\000e}{section.1.4}% 11
\BOOKMARK [2][-]{subsection.1.4.4}{\376\377\000F\000o\000r\000m\000u\000l\000e\000r\000\040\000d\000e\000s\000\040\000r\000e\000c\000o\000m\000m\000a\000n\000d\000a\000t\000i\000o\000n\000s\000\040\000p\000o\000u\000r\000\040\000e\000n\000t\000r\000e\000p\000r\000e\000n\000e\000u\000r\000s\000\040\000e\000t\000\040\000d\000\351\000c\000i\000d\000e\000u\000r\000s}{section.1.4}% 12
\BOOKMARK [1][-]{section.1.5}{\376\377\000M\000\351\000t\000h\000o\000d\000o\000l\000o\000g\000i\000e}{chapter.1}% 13
\BOOKMARK [2][-]{subsection.1.5.1}{\376\377\000R\000e\000v\000u\000e\000\040\000d\000e\000\040\000l\000i\000t\000t\000\351\000r\000a\000t\000u\000r\000e\000\040\000a\000c\000a\000d\000\351\000m\000i\000q\000u\000e\000\040\000e\000t\000\040\000p\000r\000o\000f\000e\000s\000s\000i\000o\000n\000n\000e\000l\000l\000e}{section.1.5}% 14
\BOOKMARK [2][-]{subsection.1.5.2}{\376\377\000\311\000t\000u\000d\000e\000\040\000d\000e\000\040\000c\000a\000s\000\040\000e\000n\000t\000r\000e\000p\000r\000e\000n\000e\000u\000r\000i\000a\000l}{section.1.5}% 15
\BOOKMARK [2][-]{subsection.1.5.3}{\376\377\000C\000o\000l\000l\000e\000c\000t\000e\000\040\000d\000e\000\040\000d\000o\000n\000n\000\351\000e\000s\000\040\000p\000r\000i\000m\000a\000i\000r\000e\000s}{section.1.5}% 16
\BOOKMARK [1][-]{section.1.6}{\376\377\000P\000l\000a\000n\000\040\000e\000t\000\040\000c\000o\000n\000t\000r\000i\000b\000u\000t\000i\000o\000n\000s\000\040\000a\000t\000t\000e\000n\000d\000u\000e\000s}{chapter.1}% 17
\BOOKMARK [0][-]{chapter.2}{\376\377\000R\000e\000v\000u\000e\000\040\000d\000e\000\040\000L\000i\000t\000t\000\351\000r\000a\000t\000u\000r\000e\000\040\000e\000t\000\040\000C\000a\000d\000r\000e\000\040\000T\000h\000\351\000o\000r\000i\000q\000u\000e}{}% 18
\BOOKMARK [1][-]{section.2.1}{\376\377\000A\000d\000o\000p\000t\000i\000o\000n\000\040\000T\000e\000c\000h\000n\000o\000l\000o\000g\000i\000q\000u\000e\000\040\000e\000t\000\040\000T\000r\000a\000n\000s\000f\000o\000r\000m\000a\000t\000i\000o\000n\000\040\000D\000i\000g\000i\000t\000a\000l\000e}{chapter.2}% 19
\BOOKMARK [2][-]{subsection.2.1.1}{\376\377\000M\000o\000d\000\350\000l\000e\000s\000\040\000C\000l\000a\000s\000s\000i\000q\000u\000e\000s\000\040\000d\000'\000A\000d\000o\000p\000t\000i\000o\000n\000\040\000T\000e\000c\000h\000n\000o\000l\000o\000g\000i\000q\000u\000e}{section.2.1}% 20
\BOOKMARK [2][-]{subsection.2.1.2}{\376\377\000S\000p\000\351\000c\000i\000f\000i\000c\000i\000t\000\351\000s\000\040\000d\000e\000\040\000l\000'\000I\000A\000\040\000c\000o\000m\000m\000e\000\040\000T\000e\000c\000h\000n\000o\000l\000o\000g\000i\000e\000\040\000D\000i\000s\000r\000u\000p\000t\000i\000v\000e}{section.2.1}% 21
\BOOKMARK [2][-]{subsection.2.1.3}{\376\377\000F\000a\000c\000t\000e\000u\000r\000s\000\040\000O\000r\000g\000a\000n\000i\000s\000a\000t\000i\000o\000n\000n\000e\000l\000s\000\040\000d\000'\000A\000d\000o\000p\000t\000i\000o\000n\000\040\000:\000\040\000U\000n\000e\000\040\000A\000n\000a\000l\000y\000s\000e\000\040\000A\000p\000p\000r\000o\000f\000o\000n\000d\000i\000e}{section.2.1}% 22
\BOOKMARK [1][-]{section.2.2}{\376\377\000I\000n\000n\000o\000v\000a\000t\000i\000o\000n\000\040\000e\000t\000\040\000E\000n\000t\000r\000e\000p\000r\000e\000n\000e\000u\000r\000s\000h\000i\000p\000\040\000T\000e\000c\000h\000n\000o\000l\000o\000g\000i\000q\000u\000e}{chapter.2}% 23
\BOOKMARK [2][-]{subsection.2.2.1}{\376\377\000I\000n\000n\000o\000v\000a\000t\000i\000o\000n\000\040\000D\000i\000s\000r\000u\000p\000t\000i\000v\000e\000\040\000e\000t\000\040\000I\000A\000\040\000:\000\040\000U\000n\000e\000\040\000R\000e\000l\000e\000c\000t\000u\000r\000e\000\040\000C\000o\000n\000t\000e\000m\000p\000o\000r\000a\000i\000n\000e}{section.2.2}% 24
\BOOKMARK [2][-]{subsection.2.2.2}{\376\377\000E\000n\000t\000r\000e\000p\000r\000e\000n\000e\000u\000r\000s\000h\000i\000p\000\040\000e\000t\000\040\000A\000c\000c\000o\000m\000p\000a\000g\000n\000e\000m\000e\000n\000t\000\040\000T\000e\000c\000h\000n\000o\000l\000o\000g\000i\000q\000u\000e\000\040\000:\000\040\000N\000o\000u\000v\000e\000a\000u\000x\000\040\000M\000o\000d\000\350\000l\000e\000s}{section.2.2}% 25
\BOOKMARK [2][-]{subsection.2.2.3}{\376\377\000D\000y\000n\000a\000m\000i\000c\000\040\000C\000a\000p\000a\000b\000i\000l\000i\000t\000i\000e\000s\000\040\000e\000t\000\040\000T\000r\000a\000n\000s\000f\000o\000r\000m\000a\000t\000i\000o\000n\000\040\000I\000A\000\040\000:\000\040\000F\000r\000a\000m\000e\000w\000o\000r\000k\000\040\000A\000p\000p\000l\000i\000q\000u\000\351}{section.2.2}% 26
\BOOKMARK [1][-]{section.2.3}{\376\377\000S\000p\000\351\000c\000i\000f\000i\000c\000i\000t\000\351\000s\000\040\000C\000u\000l\000t\000u\000r\000e\000l\000l\000e\000s\000\040\000e\000t\000\040\000O\000r\000g\000a\000n\000i\000s\000a\000t\000i\000o\000n\000n\000e\000l\000l\000e\000s\000\040\000F\000r\000a\000n\000\347\000a\000i\000s\000e\000s}{chapter.2}% 27
\BOOKMARK [2][-]{subsection.2.3.1}{\376\377\000C\000u\000l\000t\000u\000r\000e\000\040\000N\000a\000t\000i\000o\000n\000a\000l\000e\000\040\000e\000t\000\040\000A\000d\000o\000p\000t\000i\000o\000n\000\040\000T\000e\000c\000h\000n\000o\000l\000o\000g\000i\000q\000u\000e\000\040\000:\000\040\000A\000n\000a\000l\000y\000s\000e\000\040\000H\000o\000f\000s\000t\000e\000d\000i\000e\000n\000n\000e\000\040\000A\000p\000p\000l\000i\000q\000u\000\351\000e}{section.2.3}% 28
\BOOKMARK [2][-]{subsection.2.3.2}{\376\377\000M\000o\000d\000\350\000l\000e\000\040\000F\000r\000a\000n\000\347\000a\000i\000s\000\040\000v\000s\000\040\000M\000o\000d\000\350\000l\000e\000\040\000A\000n\000g\000l\000o\000-\000S\000a\000x\000o\000n\000\040\000:\000\040\000A\000n\000a\000l\000y\000s\000e\000\040\000C\000o\000m\000p\000a\000r\000a\000t\000i\000v\000e}{section.2.3}% 29
\BOOKMARK [2][-]{subsection.2.3.3}{\376\377\000P\000M\000E\000-\000E\000T\000I\000\040\000F\000r\000a\000n\000\347\000a\000i\000s\000e\000s\000\040\000:\000\040\000C\000a\000r\000a\000c\000t\000\351\000r\000i\000s\000t\000i\000q\000u\000e\000s\000\040\000S\000t\000r\000u\000c\000t\000u\000r\000e\000l\000l\000e\000s\000\040\000e\000t\000\040\000E\000n\000j\000e\000u\000x\000\040\000S\000p\000\351\000c\000i\000f\000i\000q\000u\000e\000s}{section.2.3}% 30
\BOOKMARK [1][-]{section.2.4}{\376\377\000S\000e\000r\000v\000i\000c\000e\000s\000\040\000P\000r\000o\000f\000e\000s\000s\000i\000o\000n\000n\000e\000l\000s\000\040\000e\000t\000\040\000C\000o\000n\000s\000e\000i\000l\000\040\000e\000n\000\040\000T\000r\000a\000n\000s\000f\000o\000r\000m\000a\000t\000i\000o\000n}{chapter.2}% 31
\BOOKMARK [2][-]{subsection.2.4.1}{\376\377\000\311\000v\000o\000l\000u\000t\000i\000o\000n\000\040\000d\000u\000\040\000M\000a\000r\000c\000h\000\351\000\040\000d\000u\000\040\000C\000o\000n\000s\000e\000i\000l\000\040\000e\000n\000\040\000F\000r\000a\000n\000c\000e\000\040\000:\000\040\000M\000u\000t\000a\000t\000i\000o\000n\000s\000\040\000S\000t\000r\000u\000c\000t\000u\000r\000e\000l\000l\000e\000s}{section.2.4}% 32
\BOOKMARK [2][-]{subsection.2.4.2}{\376\377\000L\000'\000I\000A\000\040\000d\000a\000n\000s\000\040\000l\000e\000\040\000S\000e\000c\000t\000e\000u\000r\000\040\000P\000u\000b\000l\000i\000c\000\040\000F\000r\000a\000n\000\347\000a\000i\000s\000\040\000:\000\040\000L\000a\000b\000o\000r\000a\000t\000o\000i\000r\000e\000\040\000d\000'\000E\000x\000p\000\351\000r\000i\000m\000e\000n\000t\000a\000t\000i\000o\000n}{section.2.4}% 33
\BOOKMARK [2][-]{subsection.2.4.3}{\376\377\000B\000u\000s\000i\000n\000e\000s\000s\000\040\000M\000o\000d\000e\000l\000s\000\040\000\311\000m\000e\000r\000g\000e\000n\000t\000s\000\040\000d\000a\000n\000s\000\040\000l\000'\000A\000c\000c\000o\000m\000p\000a\000g\000n\000e\000m\000e\000n\000t\000\040\000I\000A}{section.2.4}% 34
\BOOKMARK [1][-]{section.2.5}{\376\377\000R\000e\000c\000h\000e\000r\000c\000h\000e\000\040\000R\000\351\000c\000e\000n\000t\000e\000\040\000s\000u\000r\000\040\000l\000'\000A\000d\000o\000p\000t\000i\000o\000n\000\040\000d\000e\000\040\000l\000'\000I\000A\000\040\000e\000n\000\040\000E\000n\000t\000r\000e\000p\000r\000i\000s\000e}{chapter.2}% 35
\BOOKMARK [2][-]{subsection.2.5.1}{\376\377\000\311\000t\000u\000d\000e\000s\000\040\000E\000m\000p\000i\000r\000i\000q\000u\000e\000s\000\040\000I\000n\000t\000e\000r\000n\000a\000t\000i\000o\000n\000a\000l\000e\000s\000\040\000e\000t\000\040\000S\000p\000\351\000c\000i\000f\000i\000c\000i\000t\000\351\000s\000\040\000C\000o\000n\000t\000e\000x\000t\000u\000e\000l\000l\000e\000s}{section.2.5}% 36
\BOOKMARK [2][-]{subsection.2.5.2}{\376\377\000S\000p\000\351\000c\000i\000f\000i\000c\000i\000t\000\351\000s\000\040\000d\000e\000\040\000l\000'\000\311\000c\000o\000s\000y\000s\000t\000\350\000m\000e\000\040\000F\000r\000a\000n\000\347\000a\000i\000s\000\040\000:\000\040\000A\000n\000a\000l\000y\000s\000e\000\040\000D\000i\000f\000f\000\351\000r\000e\000n\000t\000i\000e\000l\000l\000e}{section.2.5}% 37
\BOOKMARK [2][-]{subsection.2.5.3}{\376\377\000N\000o\000u\000v\000e\000a\000u\000x\000\040\000M\000o\000d\000\350\000l\000e\000s\000\040\000T\000h\000\351\000o\000r\000i\000q\000u\000e\000s\000\040\000d\000'\000A\000d\000o\000p\000t\000i\000o\000n\000\040\000I\000A\000\040\000:\000\040\000E\000x\000t\000e\000n\000s\000i\000o\000n\000s\000\040\000C\000o\000n\000t\000e\000m\000p\000o\000r\000a\000i\000n\000e\000s}{section.2.5}% 38
\BOOKMARK [1][-]{section.2.6}{\376\377\000S\000y\000n\000t\000h\000\350\000s\000e\000\040\000d\000u\000\040\000C\000a\000d\000r\000e\000\040\000T\000h\000\351\000o\000r\000i\000q\000u\000e\000\040\000e\000t\000\040\000P\000o\000s\000i\000t\000i\000o\000n\000n\000e\000m\000e\000n\000t\000\040\000d\000e\000\040\000l\000a\000\040\000R\000e\000c\000h\000e\000r\000c\000h\000e}{chapter.2}% 39
\BOOKMARK [2][-]{subsection.2.6.1}{\376\377\000G\000a\000p\000s\000\040\000I\000d\000e\000n\000t\000i\000f\000i\000\351\000s\000\040\000e\000t\000\040\000C\000o\000n\000t\000r\000i\000b\000u\000t\000i\000o\000n\000s\000\040\000A\000t\000t\000e\000n\000d\000u\000e\000s}{section.2.6}% 40
\BOOKMARK [2][-]{subsection.2.6.2}{\376\377\000P\000o\000s\000i\000t\000i\000o\000n\000n\000e\000m\000e\000n\000t\000\040\000T\000h\000\351\000o\000r\000i\000q\000u\000e\000\040\000d\000e\000\040\000l\000a\000\040\000R\000e\000c\000h\000e\000r\000c\000h\000e\000\040\000L\000u\000w\000a\000i}{section.2.6}% 41
\BOOKMARK [2][-]{subsection.2.6.3}{\376\377\000I\000m\000p\000l\000i\000c\000a\000t\000i\000o\000n\000s\000\040\000p\000o\000u\000r\000\040\000l\000e\000s\000\040\000P\000a\000r\000t\000i\000e\000s\000\040\000S\000u\000i\000v\000a\000n\000t\000e\000s}{section.2.6}% 42
\BOOKMARK [0][-]{chapter.3}{\376\377\000D\000i\000a\000g\000n\000o\000s\000t\000i\000c\000\040\000T\000e\000r\000r\000a\000i\000n\000\040\000:\000\040\000R\000\351\000s\000i\000s\000t\000a\000n\000c\000e\000s\000\040\000e\000t\000\040\000O\000p\000p\000o\000r\000t\000u\000n\000i\000t\000\351\000s}{}% 43
\BOOKMARK [1][-]{section.3.1}{\376\377\000M\000\351\000t\000h\000o\000d\000o\000l\000o\000g\000i\000e\000\040\000d\000e\000\040\000R\000e\000c\000h\000e\000r\000c\000h\000e\000\040\000T\000e\000r\000r\000a\000i\000n}{chapter.3}% 44
\BOOKMARK [2][-]{subsection.3.1.1}{\376\377\000C\000a\000d\000r\000e\000\040\000d\000e\000\040\000C\000o\000l\000l\000e\000c\000t\000e\000\040\000e\000t\000\040\000\311\000c\000h\000a\000n\000t\000i\000l\000l\000o\000n\000n\000a\000g\000e}{section.3.1}% 45
\BOOKMARK [2][-]{subsection.3.1.2}{\376\377\000P\000r\000o\000t\000o\000c\000o\000l\000e\000\040\000d\000'\000E\000n\000t\000r\000e\000t\000i\000e\000n\000\040\000e\000t\000\040\000A\000n\000a\000l\000y\000s\000e\000\040\000Q\000u\000a\000l\000i\000t\000a\000t\000i\000v\000e}{section.3.1}% 46
\BOOKMARK [1][-]{section.3.2}{\376\377\000C\000a\000r\000t\000o\000g\000r\000a\000p\000h\000i\000e\000\040\000d\000e\000s\000\040\000R\000\351\000s\000i\000s\000t\000a\000n\000c\000e\000s\000\040\000\340\000\040\000l\000'\000A\000d\000o\000p\000t\000i\000o\000n\000\040\000I\000A}{chapter.3}% 47
\BOOKMARK [2][-]{subsection.3.2.1}{\376\377\000R\000\351\000s\000i\000s\000t\000a\000n\000c\000e\000s\000\040\000O\000r\000g\000a\000n\000i\000s\000a\000t\000i\000o\000n\000n\000e\000l\000l\000e\000s\000\040\000:\000\040\000L\000'\000I\000n\000e\000r\000t\000i\000e\000\040\000S\000t\000r\000u\000c\000t\000u\000r\000e\000l\000l\000e}{section.3.2}% 48
\BOOKMARK [2][-]{subsection.3.2.2}{\376\377\000R\000\351\000s\000i\000s\000t\000a\000n\000c\000e\000s\000\040\000C\000u\000l\000t\000u\000r\000e\000l\000l\000e\000s\000\040\000:\000\040\000L\000e\000\040\000F\000a\000c\000t\000e\000u\000r\000\040\000H\000u\000m\000a\000i\000n\000\040\000F\000r\000a\000n\000\347\000a\000i\000s}{section.3.2}% 49
\BOOKMARK [2][-]{subsection.3.2.3}{\376\377\000R\000\351\000s\000i\000s\000t\000a\000n\000c\000e\000s\000\040\000\311\000c\000o\000n\000o\000m\000i\000q\000u\000e\000s\000\040\000:\000\040\000L\000'\000A\000r\000b\000i\000t\000r\000a\000g\000e\000\040\000R\000O\000I\000\040\000e\000t\000\040\000l\000e\000s\000\040\000C\000o\000n\000t\000r\000a\000i\000n\000t\000e\000s\000\040\000B\000u\000d\000g\000\351\000t\000a\000i\000r\000e\000s}{section.3.2}% 50
\BOOKMARK [2][-]{subsection.3.2.4}{\376\377\000R\000\351\000s\000i\000s\000t\000a\000n\000c\000e\000s\000\040\000T\000e\000c\000h\000n\000i\000q\000u\000e\000s\000\040\000:\000\040\000C\000o\000m\000p\000l\000e\000x\000i\000t\000\351\000\040\000P\000e\000r\000\347\000u\000e\000\040\000v\000s\000\040\000R\000\351\000a\000l\000i\000t\000\351}{section.3.2}% 51
\BOOKMARK [1][-]{section.3.3}{\376\377\000O\000p\000p\000o\000r\000t\000u\000n\000i\000t\000\351\000s\000\040\000e\000t\000\040\000C\000a\000s\000\040\000d\000'\000U\000s\000a\000g\000e\000\040\000I\000d\000e\000n\000t\000i\000f\000i\000\351\000s}{chapter.3}% 52
\BOOKMARK [2][-]{subsection.3.3.1}{\376\377\000F\000o\000r\000m\000a\000t\000i\000o\000n\000\040\000e\000t\000\040\000A\000c\000c\000u\000l\000t\000u\000r\000a\000t\000i\000o\000n\000\040\000:\000\040\000L\000e\000\040\000L\000e\000v\000i\000e\000r\000\040\000F\000o\000n\000d\000a\000m\000e\000n\000t\000a\000l}{section.3.3}% 53
\BOOKMARK [2][-]{subsection.3.3.2}{\376\377\000A\000u\000t\000o\000m\000a\000t\000i\000s\000a\000t\000i\000o\000n\000\040\000d\000e\000\040\000T\000\342\000c\000h\000e\000s\000\040\000R\000\351\000p\000\351\000t\000i\000t\000i\000v\000e\000s\000\040\000:\000\040\000L\000e\000\040\000Q\000u\000i\000c\000k\000\040\000W\000i\000n\000\040\000P\000r\000i\000v\000i\000l\000\351\000g\000i\000\351}{section.3.3}% 54
\BOOKMARK [2][-]{subsection.3.3.3}{\376\377\000A\000m\000\351\000l\000i\000o\000r\000a\000t\000i\000o\000n\000\040\000d\000e\000\040\000l\000a\000\040\000P\000r\000o\000d\000u\000c\000t\000i\000v\000i\000t\000\351\000\040\000:\000\040\000L\000'\000E\000n\000j\000e\000u\000\040\000S\000t\000r\000a\000t\000\351\000g\000i\000q\000u\000e}{section.3.3}% 55
\BOOKMARK [1][-]{section.3.4}{\376\377\000T\000y\000p\000o\000l\000o\000g\000i\000e\000\040\000d\000e\000s\000\040\000A\000d\000o\000p\000t\000e\000u\000r\000s\000\040\000e\000t\000\040\000S\000e\000g\000m\000e\000n\000t\000a\000t\000i\000o\000n\000\040\000M\000a\000r\000c\000h\000\351}{chapter.3}% 56
\BOOKMARK [2][-]{subsection.3.4.1}{\376\377\000E\000a\000r\000l\000y\000\040\000A\000d\000o\000p\000t\000e\000r\000s\000\040\000\050\0001\0005\000\045\000\051\000\040\000:\000\040\000L\000e\000s\000\040\000P\000i\000o\000n\000n\000i\000e\000r\000s\000\040\000P\000r\000a\000g\000m\000a\000t\000i\000q\000u\000e\000s}{section.3.4}% 57
\BOOKMARK [2][-]{subsection.3.4.2}{\376\377\000P\000r\000a\000g\000m\000a\000t\000i\000c\000\040\000M\000a\000j\000o\000r\000i\000t\000y\000\040\000\050\0006\0000\000\045\000\051\000\040\000:\000\040\000L\000e\000s\000\040\000A\000t\000t\000e\000n\000t\000i\000s\000t\000e\000s\000\040\000R\000a\000t\000i\000o\000n\000n\000e\000l\000s}{section.3.4}% 58
\BOOKMARK [2][-]{subsection.3.4.3}{\376\377\000L\000a\000g\000g\000a\000r\000d\000s\000\040\000\050\0002\0005\000\045\000\051\000\040\000:\000\040\000L\000e\000s\000\040\000R\000\351\000s\000i\000s\000t\000a\000n\000t\000s\000\040\000S\000t\000r\000u\000c\000t\000u\000r\000e\000l\000s}{section.3.4}% 59
\BOOKMARK [1][-]{section.3.5}{\376\377\000\311\000c\000o\000s\000y\000s\000t\000\350\000m\000e\000\040\000e\000t\000\040\000C\000h\000a\000\356\000n\000e\000\040\000d\000e\000\040\000V\000a\000l\000e\000u\000r\000\040\000d\000e\000\040\000l\000'\000A\000c\000c\000o\000m\000p\000a\000g\000n\000e\000m\000e\000n\000t\000\040\000I\000A\000\040\000e\000n\000\040\000F\000r\000a\000n\000c\000e}{chapter.3}% 60
\BOOKMARK [2][-]{subsection.3.5.1}{\376\377\000A\000n\000a\000l\000y\000s\000e\000\040\000D\000\351\000t\000a\000i\000l\000l\000\351\000e\000\040\000d\000e\000s\000\040\000A\000c\000t\000e\000u\000r\000s\000\040\000d\000e\000\040\000l\000'\000\311\000c\000o\000s\000y\000s\000t\000\350\000m\000e}{section.3.5}% 61
\BOOKMARK [2][-]{subsection.3.5.2}{\376\377\000D\000y\000n\000a\000m\000i\000q\000u\000e\000s\000\040\000C\000o\000n\000c\000u\000r\000r\000e\000n\000t\000i\000e\000l\000l\000e\000s\000\040\000e\000t\000\040\000S\000t\000r\000a\000t\000\351\000g\000i\000e\000s\000\040\000d\000e\000\040\000P\000o\000s\000i\000t\000i\000o\000n\000n\000e\000m\000e\000n\000t}{section.3.5}% 62
\BOOKMARK [1][-]{section.3.6}{\376\377\000F\000r\000a\000m\000e\000w\000o\000r\000k\000\040\000d\000e\000\040\000C\000a\000l\000c\000u\000l\000\040\000d\000u\000\040\000R\000O\000I\000\040\000e\000t\000\040\000M\000\351\000t\000h\000o\000d\000o\000l\000o\000g\000i\000e\000\040\000d\000e\000\040\000J\000u\000s\000t\000i\000f\000i\000c\000a\000t\000i\000o\000n}{chapter.3}% 63
\BOOKMARK [2][-]{subsection.3.6.1}{\376\377\000M\000\351\000t\000h\000o\000d\000o\000l\000o\000g\000i\000e\000\040\000d\000e\000\040\000C\000a\000l\000c\000u\000l\000\040\000e\000t\000\040\000V\000a\000r\000i\000a\000b\000l\000e\000s\000\040\000C\000l\000\351\000s}{section.3.6}% 64
\BOOKMARK [2][-]{subsection.3.6.2}{\376\377\000C\000a\000s\000\040\000T\000y\000p\000e\000\040\000:\000\040\000P\000M\000E\000\040\000S\000e\000r\000v\000i\000c\000e\000s\000\040\000B\0002\000B\000\040\000\050\0004\0000\000\040\000s\000a\000l\000a\000r\000i\000\351\000s\000\051}{section.3.6}% 65
\BOOKMARK [1][-]{section.3.7}{\376\377\000A\000n\000a\000l\000y\000s\000e\000\040\000S\000e\000c\000t\000o\000r\000i\000e\000l\000l\000e\000\040\000e\000t\000\040\000S\000p\000\351\000c\000i\000f\000i\000c\000i\000t\000\351\000s\000\040\000d\000'\000A\000d\000o\000p\000t\000i\000o\000n}{chapter.3}% 66
\BOOKMARK [2][-]{subsection.3.7.1}{\376\377\000C\000o\000n\000s\000e\000i\000l\000\040\000e\000t\000\040\000S\000e\000r\000v\000i\000c\000e\000s\000\040\000P\000r\000o\000f\000e\000s\000s\000i\000o\000n\000n\000e\000l\000s\000\040\000:\000\040\000A\000d\000o\000p\000t\000e\000u\000r\000s\000\040\000N\000a\000t\000u\000r\000e\000l\000s}{section.3.7}% 67
\BOOKMARK [2][-]{subsection.3.7.2}{\376\377\000I\000n\000d\000u\000s\000t\000r\000i\000e\000\040\000e\000t\000\040\000M\000a\000n\000u\000f\000a\000c\000t\000u\000r\000i\000n\000g\000\040\000:\000\040\000A\000d\000o\000p\000t\000e\000u\000r\000s\000\040\000P\000r\000u\000d\000e\000n\000t\000s}{section.3.7}% 68
\BOOKMARK [2][-]{subsection.3.7.3}{\376\377\000S\000e\000r\000v\000i\000c\000e\000s\000\040\000B\0002\000B\000\040\000S\000p\000\351\000c\000i\000a\000l\000i\000s\000\351\000s\000\040\000:\000\040\000A\000d\000o\000p\000t\000e\000u\000r\000s\000\040\000O\000p\000p\000o\000r\000t\000u\000n\000i\000s\000t\000e\000s}{section.3.7}% 69
\BOOKMARK [1][-]{section.3.8}{\376\377\000S\000y\000n\000t\000h\000\350\000s\000e\000\040\000:\000\040\000V\000e\000r\000s\000\040\000u\000n\000\040\000M\000o\000d\000\350\000l\000e\000\040\000d\000'\000A\000d\000o\000p\000t\000i\000o\000n\000\040\000I\000A\000\040\000"\000\340\000\040\000l\000a\000\040\000F\000r\000a\000n\000\347\000a\000i\000s\000e\000"}{chapter.3}% 70
\BOOKMARK [2][-]{subsection.3.8.1}{\376\377\000P\000r\000i\000m\000a\000u\000t\000\351\000\040\000d\000e\000\040\000l\000'\000A\000c\000c\000o\000m\000p\000a\000g\000n\000e\000m\000e\000n\000t\000\040\000H\000u\000m\000a\000i\000n\000\040\000s\000u\000r\000\040\000l\000'\000E\000x\000p\000\351\000r\000i\000m\000e\000n\000t\000a\000t\000i\000o\000n\000\040\000I\000n\000d\000i\000v\000i\000d\000u\000e\000l\000l\000e}{section.3.8}% 71
\BOOKMARK [2][-]{subsection.3.8.2}{\376\377\000S\000\351\000q\000u\000e\000n\000c\000e\000m\000e\000n\000t\000\040\000F\000o\000r\000m\000a\000t\000i\000o\000n\000-\000A\000d\000o\000p\000t\000i\000o\000n\000\040\000v\000s\000\040\000T\000e\000c\000h\000n\000o\000l\000o\000g\000y\000-\000F\000i\000r\000s\000t}{section.3.8}% 72
\BOOKMARK [2][-]{subsection.3.8.3}{\376\377\000A\000d\000o\000p\000t\000i\000o\000n\000\040\000C\000o\000l\000l\000e\000c\000t\000i\000v\000e\000\040\000e\000t\000\040\000C\000o\000n\000s\000e\000n\000s\000u\000s\000\040\000v\000s\000\040\000I\000n\000i\000t\000i\000a\000t\000i\000v\000e\000\040\000I\000n\000d\000i\000v\000i\000d\000u\000e\000l\000l\000e}{section.3.8}% 73
\BOOKMARK [0][-]{chapter.4}{\376\377\000C\000a\000s\000\040\000d\000'\000\311\000t\000u\000d\000e\000\040\000L\000u\000w\000a\000i\000\040\000:\000\040\000L\000e\000\040\000M\000o\000d\000\350\000l\000e\000\040\000E\000n\000t\000r\000e\000p\000r\000e\000n\000e\000u\000r\000i\000a\000l}{}% 74
\BOOKMARK [1][-]{section.4.1}{\376\377\000G\000e\000n\000\350\000s\000e\000\040\000e\000t\000\040\000V\000i\000s\000i\000o\000n\000\040\000E\000n\000t\000r\000e\000p\000r\000e\000n\000e\000u\000r\000i\000a\000l\000e}{chapter.4}% 75
\BOOKMARK [2][-]{subsection.4.1.1}{\376\377\000L\000e\000\040\000D\000\351\000c\000l\000e\000n\000c\000h\000e\000u\000r\000\040\000:\000\040\000D\000u\000\040\000C\000h\000o\000c\000\040\000C\000u\000l\000t\000u\000r\000e\000l\000\040\000\340\000\040\000l\000'\000O\000p\000p\000o\000r\000t\000u\000n\000i\000t\000\351\000\040\000E\000n\000t\000r\000e\000p\000r\000e\000n\000e\000u\000r\000i\000a\000l\000e}{section.4.1}% 76
\BOOKMARK [2][-]{subsection.4.1.2}{\376\377\000F\000o\000r\000m\000u\000l\000a\000t\000i\000o\000n\000\040\000d\000e\000\040\000l\000a\000\040\000V\000i\000s\000i\000o\000n\000\040\000e\000t\000\040\000d\000u\000\040\000P\000o\000s\000i\000t\000i\000o\000n\000i\000n\000g\000\040\000I\000n\000i\000t\000i\000a\000l}{section.4.1}% 77
\BOOKMARK [1][-]{section.4.2}{\376\377\000M\000o\000d\000\350\000l\000e\000\040\000d\000'\000A\000f\000f\000a\000i\000r\000e\000s\000\040\000e\000t\000\040\000P\000r\000o\000p\000o\000s\000i\000t\000i\000o\000n\000s\000\040\000d\000e\000\040\000V\000a\000l\000e\000u\000r}{chapter.4}% 78
\BOOKMARK [2][-]{subsection.4.2.1}{\376\377\000\311\000v\000o\000l\000u\000t\000i\000o\000n\000\040\000d\000u\000\040\000M\000o\000d\000\350\000l\000e\000\040\000:\000\040\000D\000e\000\040\000l\000a\000\040\000F\000o\000r\000m\000a\000t\000i\000o\000n\000\040\000P\000u\000r\000e\000\040\000a\000u\000\040\000S\000e\000r\000v\000i\000c\000e\000\040\000I\000n\000t\000\351\000g\000r\000\351}{section.4.2}% 79
\BOOKMARK [2][-]{subsection.4.2.2}{\376\377\000S\000e\000g\000m\000e\000n\000t\000a\000t\000i\000o\000n\000\040\000C\000l\000i\000e\000n\000t\000\040\000e\000t\000\040\000P\000r\000o\000p\000o\000s\000i\000t\000i\000o\000n\000s\000\040\000d\000e\000\040\000V\000a\000l\000e\000u\000r\000\040\000D\000i\000f\000f\000\351\000r\000e\000n\000c\000i\000\351\000e\000s}{section.4.2}% 80
\BOOKMARK [2][-]{subsection.4.2.3}{\376\377\000A\000r\000c\000h\000i\000t\000e\000c\000t\000u\000r\000e\000\040\000d\000e\000\040\000P\000r\000i\000c\000i\000n\000g\000\040\000e\000t\000\040\000M\000o\000d\000\350\000l\000e\000s\000\040\000d\000e\000\040\000R\000e\000v\000e\000n\000u\000s}{section.4.2}% 81
\BOOKMARK [1][-]{section.4.3}{\376\377\000S\000t\000r\000a\000t\000\351\000g\000i\000e\000\040\000C\000o\000m\000m\000e\000r\000c\000i\000a\000l\000e\000\040\000e\000t\000\040\000G\000o\000-\000t\000o\000-\000M\000a\000r\000k\000e\000t}{chapter.4}% 82
\BOOKMARK [2][-]{subsection.4.3.1}{\376\377\000A\000p\000p\000r\000o\000c\000h\000e\000\040\000d\000'\000A\000c\000q\000u\000i\000s\000i\000t\000i\000o\000n\000\040\000C\000l\000i\000e\000n\000t}{section.4.3}% 83
\BOOKMARK [2][-]{subsection.4.3.2}{\376\377\000F\000u\000n\000n\000e\000l\000\040\000e\000t\000\040\000T\000a\000u\000x\000\040\000d\000e\000\040\000C\000o\000n\000v\000e\000r\000s\000i\000o\000n}{section.4.3}% 84
\BOOKMARK [2][-]{subsection.4.3.3}{\376\377\000U\000n\000i\000t\000\040\000E\000c\000o\000n\000o\000m\000i\000c\000s\000\040\000e\000t\000\040\000S\000e\000u\000i\000l\000\040\000d\000e\000\040\000R\000e\000n\000t\000a\000b\000i\000l\000i\000t\000\351}{section.4.3}% 85
\BOOKMARK [2][-]{subsection.4.3.4}{\376\377\000P\000i\000v\000o\000t\000s\000\040\000S\000t\000r\000a\000t\000\351\000g\000i\000q\000u\000e\000s\000\040\040\024\000\040\000C\000h\000r\000o\000n\000o\000l\000o\000g\000i\000e}{section.4.3}% 86
\BOOKMARK [2][-]{subsection.4.3.5}{\376\377\000O\000r\000g\000a\000n\000i\000s\000a\000t\000i\000o\000n\000\040\000O\000p\000\351\000r\000a\000t\000i\000o\000n\000n\000e\000l\000l\000e\000\040\000e\000t\000\040\000P\000l\000a\000y\000b\000o\000o\000k\000s\000\040\000D\000e\000l\000i\000v\000e\000r\000y}{section.4.3}% 87
\BOOKMARK [2][-]{subsection.4.3.6}{\376\377\000A\000n\000a\000l\000y\000s\000e\000\040\000D\000\351\000t\000a\000i\000l\000l\000\351\000e\000\040\000d\000e\000s\000\040\000P\000e\000r\000s\000o\000n\000a\000e\000\040\000e\000t\000\040\000P\000a\000r\000c\000o\000u\000r\000s\000\040\000U\000t\000i\000l\000i\000s\000a\000t\000e\000u\000r}{section.4.3}% 88
\BOOKMARK [2][-]{subsection.4.3.7}{\376\377\000P\000a\000r\000c\000o\000u\000r\000s\000\040\000C\000l\000i\000e\000n\000t\000\040\000D\000\351\000t\000a\000i\000l\000l\000\351\000\040\000e\000t\000\040\000P\000o\000i\000n\000t\000s\000\040\000d\000e\000\040\000C\000o\000n\000t\000a\000c\000t}{section.4.3}% 89
\BOOKMARK [2][-]{subsection.4.3.8}{\376\377\000M\000a\000t\000r\000i\000c\000e\000\040\000d\000'\000I\000n\000f\000l\000u\000e\000n\000c\000e\000\040\000e\000t\000\040\000S\000t\000r\000a\000t\000\351\000g\000i\000e\000s\000\040\000d\000'\000E\000n\000g\000a\000g\000e\000m\000e\000n\000t}{section.4.3}% 90
\BOOKMARK [2][-]{subsection.4.3.9}{\376\377\000P\000a\000r\000c\000o\000u\000r\000s\000\040\000T\000y\000p\000e\000\040\000O\000p\000t\000i\000m\000i\000s\000\351}{section.4.3}% 91
\BOOKMARK [2][-]{subsection.4.3.10}{\376\377\000B\000u\000s\000i\000n\000e\000s\000s\000\040\000M\000o\000d\000e\000l\000\040\000C\000a\000n\000v\000a\000s\000\040\000\050\000S\000y\000n\000t\000h\000\350\000s\000e\000\051}{section.4.3}% 92
\BOOKMARK [2][-]{subsection.4.3.11}{\376\377\000R\000i\000s\000q\000u\000e\000s\000,\000\040\000C\000o\000n\000t\000r\000a\000i\000n\000t\000e\000s\000\040\000e\000t\000\040\000M\000e\000s\000u\000r\000e\000s\000\040\000d\000e\000\040\000M\000i\000t\000i\000g\000a\000t\000i\000o\000n}{section.4.3}% 93
\BOOKMARK [1][-]{section.4.4}{\376\377\000M\000\351\000t\000r\000i\000q\000u\000e\000s\000\040\000e\000t\000\040\000R\000O\000I\000\040\000C\000l\000i\000e\000n\000t}{chapter.4}% 94
\BOOKMARK [2][-]{subsection.4.4.1}{\376\377\000I\000n\000d\000i\000c\000a\000t\000e\000u\000r\000s\000\040\000d\000e\000\040\000P\000e\000r\000f\000o\000r\000m\000a\000n\000c\000e\000\040\000L\000u\000w\000a\000i}{section.4.4}% 95
\BOOKMARK [2][-]{subsection.4.4.2}{\376\377\000R\000O\000I\000\040\000C\000l\000i\000e\000n\000t\000\040\000e\000t\000\040\000C\000a\000s\000\040\000d\000e\000\040\000S\000u\000c\000c\000\350\000s\000\040\000D\000o\000c\000u\000m\000e\000n\000t\000\351\000s}{section.4.4}% 96
\BOOKMARK [1][-]{section.4.5}{\376\377\000S\000y\000n\000t\000h\000\350\000s\000e\000\040\000:\000\040\000L\000e\000s\000\040\000A\000p\000p\000r\000e\000n\000t\000i\000s\000s\000a\000g\000e\000s\000\040\000E\000n\000t\000r\000e\000p\000r\000e\000n\000e\000u\000r\000i\000a\000u\000x}{chapter.4}% 97
\BOOKMARK [0][-]{chapter.5}{\376\377\000R\000e\000c\000o\000m\000m\000a\000n\000d\000a\000t\000i\000o\000n\000s\000\040\000e\000t\000\040\000P\000e\000r\000s\000p\000e\000c\000t\000i\000v\000e\000s}{}% 98
\BOOKMARK [1][-]{section.5.1}{\376\377\000P\000o\000u\000r\000\040\000l\000e\000s\000\040\000E\000n\000t\000r\000e\000p\000r\000e\000n\000e\000u\000r\000s\000\040\000d\000u\000\040\000S\000e\000c\000t\000e\000u\000r}{chapter.5}% 99
\BOOKMARK [2][-]{subsection.5.1.1}{\376\377\000S\000t\000r\000a\000t\000\351\000g\000i\000e\000s\000\040\000d\000e\000\040\000P\000o\000s\000i\000t\000i\000o\000n\000n\000e\000m\000e\000n\000t\000\040\000e\000t\000\040\000D\000i\000f\000f\000\351\000r\000e\000n\000c\000i\000a\000t\000i\000o\000n}{section.5.1}% 100
\BOOKMARK [2][-]{subsection.5.1.2}{\376\377\000M\000o\000d\000\350\000l\000e\000s\000\040\000d\000'\000A\000f\000f\000a\000i\000r\000e\000s\000\040\000R\000e\000c\000o\000m\000m\000a\000n\000d\000\351\000s}{section.5.1}% 101
\BOOKMARK [2][-]{subsection.5.1.3}{\376\377\000G\000T\000M\000\040\000P\000l\000a\000y\000b\000o\000o\000k\000\040\000e\000t\000\040\000D\000i\000f\000f\000\351\000r\000e\000n\000c\000i\000a\000t\000i\000o\000n}{section.5.1}% 102
\BOOKMARK [1][-]{section.5.2}{\376\377\000P\000o\000u\000r\000\040\000l\000e\000s\000\040\000D\000i\000r\000i\000g\000e\000a\000n\000t\000s\000\040\000d\000e\000\040\000P\000M\000E\000-\000E\000T\000I}{chapter.5}% 103
\BOOKMARK [2][-]{subsection.5.2.1}{\376\377\000F\000r\000a\000m\000e\000w\000o\000r\000k\000\040\000d\000'\000\311\000v\000a\000l\000u\000a\000t\000i\000o\000n\000\040\000d\000e\000s\000\040\000O\000p\000p\000o\000r\000t\000u\000n\000i\000t\000\351\000s\000\040\000I\000A}{section.5.2}% 104
\BOOKMARK [2][-]{subsection.5.2.2}{\376\377\000M\000a\000t\000r\000i\000c\000e\000\040\000d\000e\000\040\000D\000\351\000c\000i\000s\000i\000o\000n\000\040\000O\000p\000p\000o\000r\000t\000u\000n\000i\000t\000\351}{section.5.2}% 105
\BOOKMARK [2][-]{subsection.5.2.3}{\376\377\000B\000u\000d\000g\000e\000t\000\040\000e\000t\000\040\000A\000l\000l\000o\000c\000a\000t\000i\000o\000n\000\040\000d\000e\000\040\000R\000e\000s\000s\000o\000u\000r\000c\000e\000s}{section.5.2}% 106
\BOOKMARK [2][-]{subsection.5.2.4}{\376\377\000T\000a\000b\000l\000e\000a\000u\000\040\000d\000e\000\040\000B\000o\000r\000d\000\040\000K\000P\000I\000s\000\040\000\050\000P\000i\000l\000o\000t\000a\000g\000e\000\051}{section.5.2}% 107
\BOOKMARK [2][-]{subsection.5.2.5}{\376\377\000F\000e\000u\000i\000l\000l\000e\000\040\000d\000e\000\040\000R\000o\000u\000t\000e\000\040\0009\0000\000/\0001\0008\0000\000\040\000J\000o\000u\000r\000s}{section.5.2}% 108
\BOOKMARK [1][-]{section.5.3}{\376\377\000P\000o\000u\000r\000\040\000l\000'\000\311\000c\000o\000s\000y\000s\000t\000\350\000m\000e\000\040\000F\000r\000a\000n\000\347\000a\000i\000s}{chapter.5}% 109
\BOOKMARK [2][-]{subsection.5.3.1}{\376\377\000P\000o\000l\000i\000t\000i\000q\000u\000e\000s\000\040\000P\000u\000b\000l\000i\000q\000u\000e\000s\000\040\000e\000t\000\040\000S\000o\000u\000t\000i\000e\000n\000\040\000a\000u\000x\000\040\000P\000M\000E\000-\000E\000T\000I}{section.5.3}% 110
\BOOKMARK [2][-]{subsection.5.3.2}{\376\377\000N\000o\000r\000m\000a\000l\000i\000s\000a\000t\000i\000o\000n\000,\000\040\000R\000G\000P\000D\000\040\000e\000t\000\040\000I\000A\000\040\000A\000c\000t\000\040\000:\000\040\000L\000i\000g\000n\000e\000s\000\040\000D\000i\000r\000e\000c\000t\000r\000i\000c\000e\000s}{section.5.3}% 111
\BOOKMARK [1][-]{section.5.4}{\376\377\000S\000y\000n\000t\000h\000\350\000s\000e\000\040\000e\000t\000\040\000I\000m\000p\000a\000c\000t\000s\000\040\000A\000t\000t\000e\000n\000d\000u\000s}{chapter.5}% 112
\BOOKMARK [2][-]{subsection.5.4.1}{\376\377\000\311\000d\000u\000c\000a\000t\000i\000o\000n\000\040\000e\000t\000\040\000F\000o\000r\000m\000a\000t\000i\000o\000n}{section.5.4}% 113
\BOOKMARK [0][-]{chapter.6}{\376\377\000C\000o\000n\000c\000l\000u\000s\000i\000o\000n}{}% 114
\BOOKMARK [1][-]{section.6.1}{\376\377\000S\000y\000n\000t\000h\000\350\000s\000e\000\040\000d\000e\000s\000\040\000A\000p\000p\000o\000r\000t\000s}{chapter.6}% 115
\BOOKMARK [2][-]{subsection.6.1.1}{\376\377\000C\000o\000n\000t\000r\000i\000b\000u\000t\000i\000o\000n\000\040\000E\000m\000p\000i\000r\000i\000q\000u\000e}{section.6.1}% 116
\BOOKMARK [2][-]{subsection.6.1.2}{\376\377\000C\000o\000n\000t\000r\000i\000b\000u\000t\000i\000o\000n\000\040\000T\000h\000\351\000o\000r\000i\000q\000u\000e}{section.6.1}% 117
\BOOKMARK [2][-]{subsection.6.1.3}{\376\377\000C\000o\000n\000t\000r\000i\000b\000u\000t\000i\000o\000n\000\040\000M\000a\000n\000a\000g\000\351\000r\000i\000a\000l\000e}{section.6.1}% 118
\BOOKMARK [1][-]{section.6.2}{\376\377\000L\000i\000m\000i\000t\000e\000s\000\040\000e\000t\000\040\000P\000e\000r\000s\000p\000e\000c\000t\000i\000v\000e\000s\000\040\000d\000e\000\040\000R\000e\000c\000h\000e\000r\000c\000h\000e}{chapter.6}% 119
\BOOKMARK [2][-]{subsection.6.2.1}{\376\377\000L\000i\000m\000i\000t\000e\000s\000\040\000I\000d\000e\000n\000t\000i\000f\000i\000\351\000e\000s}{section.6.2}% 120
\BOOKMARK [2][-]{subsection.6.2.2}{\376\377\000V\000o\000i\000e\000s\000\040\000d\000e\000\040\000R\000e\000c\000h\000e\000r\000c\000h\000e\000\040\000F\000u\000t\000u\000r\000e\000s}{section.6.2}% 121
\BOOKMARK [1][-]{section.6.3}{\376\377\000R\000\351\000f\000l\000e\000x\000i\000o\000n\000s\000\040\000E\000n\000t\000r\000e\000p\000r\000e\000n\000e\000u\000r\000i\000a\000l\000e\000s\000\040\000P\000e\000r\000s\000o\000n\000n\000e\000l\000l\000e\000s}{chapter.6}% 122
\BOOKMARK [2][-]{subsection.6.3.1}{\376\377\000A\000p\000p\000r\000e\000n\000t\000i\000s\000s\000a\000g\000e\000s\000\040\000E\000n\000t\000r\000e\000p\000r\000e\000n\000e\000u\000r\000i\000a\000u\000x}{section.6.3}% 123
\BOOKMARK [2][-]{subsection.6.3.2}{\376\377\000V\000i\000s\000i\000o\000n\000\040\000\311\000c\000o\000s\000y\000s\000t\000\350\000m\000e\000\040\000F\000r\000a\000n\000c\000e}{section.6.3}% 124
\BOOKMARK [1][-]{section.6.4}{\376\377\000P\000e\000r\000s\000p\000e\000c\000t\000i\000v\000e\000\040\000M\000a\000n\000a\000g\000\351\000r\000i\000a\000l\000e\000\040\000e\000t\000\040\000O\000r\000g\000a\000n\000i\000s\000a\000t\000i\000o\000n\000n\000e\000l\000l\000e}{chapter.6}% 125
\BOOKMARK [1][-]{section.6.5}{\376\377\000I\000m\000p\000l\000i\000c\000a\000t\000i\000o\000n\000s\000\040\000p\000o\000u\000r\000\040\000l\000a\000\040\000G\000o\000u\000v\000e\000r\000n\000a\000n\000c\000e\000\040\000I\000A\000\040\000d\000e\000s\000\040\000P\000M\000E\000-\000E\000T\000I}{chapter.6}% 126
\BOOKMARK [1][-]{section.6.6}{\376\377\000N\000o\000t\000e\000\040\000R\000\351\000f\000l\000e\000x\000i\000v\000e\000\040\000s\000u\000r\000\040\000l\000a\000\040\000M\000\351\000t\000h\000o\000d\000e}{chapter.6}% 127
\BOOKMARK [1][-]{section.6.7}{\376\377\000C\000o\000n\000c\000l\000u\000s\000i\000o\000n\000\040\000F\000i\000n\000a\000l\000e}{chapter.6}% 128
\BOOKMARK [0][-]{chapter*.9}{\376\377\000A\000n\000n\000e\000x\000e\000s}{}% 129
\BOOKMARK [1][-]{appendix*.10}{\376\377\000T\000a\000b\000l\000e\000\040\000d\000e\000s\000\040\000A\000n\000n\000e\000x\000e\000s}{chapter*.9}% 130
\BOOKMARK [0][-]{appendix.A}{\376\377\000M\000\351\000t\000h\000o\000d\000o\000l\000o\000g\000i\000e\000\040\000d\000e\000\040\000R\000e\000c\000h\000e\000r\000c\000h\000e}{}% 131
\BOOKMARK [1][-]{section.A.1}{\376\377\000D\000e\000s\000i\000g\000n\000\040\000d\000e\000\040\000R\000e\000c\000h\000e\000r\000c\000h\000e\000\040\000e\000t\000\040\000P\000o\000s\000t\000u\000r\000e}{appendix.A}% 132
\BOOKMARK [1][-]{section.A.2}{\376\377\000\311\000c\000h\000a\000n\000t\000i\000l\000l\000o\000n\000n\000a\000g\000e\000\040\000e\000t\000\040\000C\000r\000i\000t\000\350\000r\000e\000s\000\040\000d\000'\000I\000n\000c\000l\000u\000s\000i\000o\000n}{appendix.A}% 133
\BOOKMARK [2][-]{subsection.A.2.1}{\376\377\000C\000a\000d\000r\000e\000\040\000d\000e\000\040\000s\000\351\000l\000e\000c\000t\000i\000o\000n}{section.A.2}% 134
\BOOKMARK [2][-]{subsection.A.2.2}{\376\377\000R\000\351\000p\000a\000r\000t\000i\000t\000i\000o\000n\000\040\000a\000g\000r\000\351\000g\000\351\000e\000\040\000\050\000s\000y\000n\000t\000h\000\350\000s\000e\000\051}{section.A.2}% 135
\BOOKMARK [1][-]{section.A.3}{\376\377\000P\000r\000o\000t\000o\000c\000o\000l\000e\000\040\000d\000'\000E\000n\000t\000r\000e\000t\000i\000e\000n\000\040\000S\000e\000m\000i\000-\000D\000i\000r\000e\000c\000t\000i\000f}{appendix.A}% 136
\BOOKMARK [2][-]{subsection.A.3.1}{\376\377\000G\000u\000i\000d\000e\000\040\000d\000'\000e\000n\000t\000r\000e\000t\000i\000e\000n\000\040\000\050\0003\0000\040\023\0004\0005\000\040\000m\000i\000n\000\051}{section.A.3}% 137
\BOOKMARK [2][-]{subsection.A.3.2}{\376\377\000C\000o\000l\000l\000e\000c\000t\000e\000\040\000e\000t\000\040\000\351\000t\000h\000i\000q\000u\000e}{section.A.3}% 138
\BOOKMARK [1][-]{section.A.4}{\376\377\000T\000r\000a\000n\000s\000c\000r\000i\000p\000t\000i\000o\000n\000,\000\040\000C\000o\000d\000a\000g\000e\000\040\000e\000t\000\040\000S\000c\000h\000\351\000m\000a\000\040\000d\000'\000A\000n\000a\000l\000y\000s\000e}{appendix.A}% 139
\BOOKMARK [2][-]{subsection.A.4.1}{\376\377\000P\000r\000o\000c\000e\000s\000s\000u\000s\000\040\000d\000e\000\040\000c\000o\000d\000a\000g\000e\000\040\000t\000h\000\351\000m\000a\000t\000i\000q\000u\000e}{section.A.4}% 140
\BOOKMARK [2][-]{subsection.A.4.2}{\376\377\000C\000o\000d\000e\000b\000o\000o\000k\000\040\040\024\000\040\000R\000\351\000s\000i\000s\000t\000a\000n\000c\000e\000s}{section.A.4}% 141
\BOOKMARK [2][-]{subsection.A.4.3}{\376\377\000C\000o\000d\000e\000b\000o\000o\000k\000\040\040\024\000\040\000O\000p\000p\000o\000r\000t\000u\000n\000i\000t\000\351\000s}{section.A.4}% 142
\BOOKMARK [2][-]{subsection.A.4.4}{\376\377\000P\000l\000a\000n\000\040\000d\000'\000a\000n\000a\000l\000y\000s\000e\000\040\000e\000t\000\040\000t\000r\000i\000a\000n\000g\000u\000l\000a\000t\000i\000o\000n}{section.A.4}% 143
\BOOKMARK [1][-]{section.A.5}{\376\377\000F\000i\000a\000b\000i\000l\000i\000t\000\351\000,\000\040\000V\000a\000l\000i\000d\000i\000t\000\351\000\040\000e\000t\000\040\000B\000i\000a\000i\000s}{appendix.A}% 144
\BOOKMARK [2][-]{subsection.A.5.1}{\376\377\000F\000i\000a\000b\000i\000l\000i\000t\000\351}{section.A.5}% 145
\BOOKMARK [2][-]{subsection.A.5.2}{\376\377\000V\000a\000l\000i\000d\000i\000t\000\351}{section.A.5}% 146
\BOOKMARK [2][-]{subsection.A.5.3}{\376\377\000B\000i\000a\000i\000s\000\040\000e\000t\000\040\000l\000i\000m\000i\000t\000e\000s}{section.A.5}% 147
\BOOKMARK [1][-]{section.A.6}{\376\377\000L\000i\000e\000n\000\040\000a\000v\000e\000c\000\040\000l\000e\000\040\000C\000a\000d\000r\000e\000\040\000R\000O\000I\000\040\000e\000t\000\040\000l\000e\000s\000\040\000R\000e\000c\000o\000m\000m\000a\000n\000d\000a\000t\000i\000o\000n\000s}{appendix.A}% 148
\BOOKMARK [1][-]{section.A.7}{\376\377\000R\000e\000s\000s\000o\000u\000r\000c\000e\000s\000\040\000e\000t\000\040\000L\000o\000g\000i\000c\000i\000e\000l\000s}{appendix.A}% 149
\BOOKMARK [1][-]{section.A.8}{\376\377\000A\000c\000c\000\350\000s\000\040\000a\000u\000x\000\040\000D\000o\000n\000n\000\351\000e\000s\000\040\000A\000g\000r\000\351\000g\000\351\000e\000s}{appendix.A}% 150
\BOOKMARK [0][-]{appendix.B}{\376\377\000D\000o\000n\000n\000\351\000e\000s\000\040\000P\000r\000i\000m\000a\000i\000r\000e\000s}{}% 151
\BOOKMARK [1][-]{section.B.1}{\376\377\000\311\000c\000h\000a\000n\000t\000i\000l\000l\000o\000n\000\040\000d\000e\000s\000\040\000C\000o\000n\000t\000a\000c\000t\000s\000\040\000P\000r\000o\000s\000p\000e\000c\000t\000\351\000s\000\040\000\050\000A\000n\000o\000n\000y\000m\000i\000s\000\351\000\051}{appendix.B}% 152
\BOOKMARK [2][-]{subsection.B.1.1}{\376\377\000R\000\351\000p\000a\000r\000t\000i\000t\000i\000o\000n\000\040\000p\000a\000r\000\040\000s\000e\000c\000t\000e\000u\000r}{section.B.1}% 153
\BOOKMARK [2][-]{subsection.B.1.2}{\376\377\000R\000\351\000p\000a\000r\000t\000i\000t\000i\000o\000n\000\040\000p\000a\000r\000\040\000r\000\364\000l\000e\000\040\000d\000e\000s\000\040\000i\000n\000t\000e\000r\000l\000o\000c\000u\000t\000e\000u\000r\000s}{section.B.1}% 154
\BOOKMARK [2][-]{subsection.B.1.3}{\376\377\000A\000g\000r\000\351\000g\000a\000t\000s\000\040\000d\000'\000e\000n\000t\000o\000n\000n\000o\000i\000r\000\040\000\050\000m\000o\000i\000s\000\040\000t\000y\000p\000e\000\051}{section.B.1}% 155
\BOOKMARK [1][-]{section.B.2}{\376\377\000E\000x\000t\000r\000a\000i\000t\000s\000\040\000d\000'\000E\000n\000t\000r\000e\000t\000i\000e\000n\000s\000\040\000C\000l\000\351\000s\000\040\000\050\000A\000n\000o\000n\000y\000m\000i\000s\000\351\000s\000\051}{appendix.B}% 156
\BOOKMARK [1][-]{section.B.3}{\376\377\000P\000r\000o\000p\000o\000s\000i\000t\000i\000o\000n\000s\000\040\000C\000o\000m\000m\000e\000r\000c\000i\000a\000l\000e\000s\000\040\040\024\000\040\000D\000\351\000t\000a\000i\000l\000s\000\040\000A\000g\000r\000\351\000g\000\351\000s}{appendix.B}% 157
\BOOKMARK [1][-]{section.B.4}{\376\377\000M\000e\000s\000u\000r\000e\000s\000\040\000e\000t\000\040\000K\000P\000I\000s\000\040\000d\000e\000\040\000S\000u\000i\000v\000i\000\040\000\050\000P\000i\000l\000o\000t\000e\000s\000\051}{appendix.B}% 158
\BOOKMARK [1][-]{section.B.5}{\376\377\000C\000a\000d\000r\000e\000\040\000d\000e\000\040\000C\000a\000l\000c\000u\000l\000\040\000R\000O\000I\000\040\040\024\000\040\000R\000a\000p\000p\000e\000l\000\040\000O\000p\000\351\000r\000a\000t\000i\000o\000n\000n\000e\000l}{appendix.B}% 159
\BOOKMARK [0][-]{appendix.C}{\376\377\000M\000o\000d\000\350\000l\000e\000\040\000d\000'\000A\000f\000f\000a\000i\000r\000e\000s\000\040\000L\000u\000w\000a\000i}{}% 160
\BOOKMARK [1][-]{section.C.1}{\376\377\000B\000u\000s\000i\000n\000e\000s\000s\000\040\000M\000o\000d\000e\000l\000\040\000C\000a\000n\000v\000a\000s\000\040\000\311\000v\000o\000l\000u\000t\000i\000f}{appendix.C}% 161
\BOOKMARK [2][-]{subsection.C.1.1}{\376\377\000V\000e\000r\000s\000i\000o\000n\000\040\0001\000.\0000\000\040\000:\000\040\000F\000o\000r\000m\000a\000t\000i\000o\000n\000\040\000P\000u\000r\000e\000\040\000\050\000J\000a\000n\000v\000i\000e\000r\000-\000M\000a\000r\000s\000\040\0002\0000\0002\0005\000\051}{section.C.1}% 162
\BOOKMARK [2][-]{subsection.C.1.2}{\376\377\000V\000e\000r\000s\000i\000o\000n\000\040\0002\000.\0000\000\040\000:\000\040\000F\000o\000r\000m\000a\000t\000i\000o\000n\000-\000C\000o\000n\000s\000e\000i\000l\000\040\000\050\000A\000v\000r\000i\000l\000-\000J\000u\000i\000n\000\040\0002\0000\0002\0005\000\051}{section.C.1}% 163
\BOOKMARK [2][-]{subsection.C.1.3}{\376\377\000V\000e\000r\000s\000i\000o\000n\000\040\0003\000.\0000\000\040\000:\000\040\000S\000e\000r\000v\000i\000c\000e\000\040\000I\000n\000t\000\351\000g\000r\000\351\000\040\000F\000o\000r\000m\000a\000t\000i\000o\000n\000-\000C\000o\000n\000s\000e\000i\000l\000-\000D\000e\000l\000i\000v\000e\000r\000y\000\040\000\050\000J\000u\000i\000l\000l\000e\000t\000\040\0002\0000\0002\0005\000-\000\051}{section.C.1}% 164
\BOOKMARK [1][-]{section.C.2}{\376\377\000P\000r\000i\000c\000i\000n\000g\000\040\000e\000t\000\040\000P\000a\000c\000k\000a\000g\000e\000s\000\040\000D\000\351\000t\000a\000i\000l\000l\000\351\000s}{appendix.C}% 165
\BOOKMARK [2][-]{subsection.C.2.1}{\376\377\000A\000r\000c\000h\000i\000t\000e\000c\000t\000u\000r\000e\000\040\000T\000a\000r\000i\000f\000a\000i\000r\000e\000\040\000e\000t\000\040\000J\000u\000s\000t\000i\000f\000i\000c\000a\000t\000i\000o\000n\000s\000\040\000\311\000c\000o\000n\000o\000m\000i\000q\000u\000e\000s}{section.C.2}% 166
\BOOKMARK [2][-]{subsection.C.2.2}{\376\377\000B\000e\000n\000c\000h\000m\000a\000r\000k\000i\000n\000g\000\040\000C\000o\000n\000c\000u\000r\000r\000e\000n\000t\000i\000e\000l}{section.C.2}% 167
\BOOKMARK [1][-]{section.C.3}{\376\377\000P\000i\000p\000e\000l\000i\000n\000e\000\040\000C\000o\000m\000m\000e\000r\000c\000i\000a\000l\000\040\000e\000t\000\040\000P\000r\000\351\000v\000i\000s\000i\000o\000n\000s}{appendix.C}% 168
\BOOKMARK [2][-]{subsection.C.3.1}{\376\377\000\311\000v\000o\000l\000u\000t\000i\000o\000n\000\040\000d\000u\000\040\000P\000i\000p\000e\000l\000i\000n\000e\000\040\000\050\0009\000\040\000m\000o\000i\000s\000\051}{section.C.3}% 169
\BOOKMARK [2][-]{subsection.C.3.2}{\376\377\000P\000r\000\351\000v\000i\000s\000i\000o\000n\000s\000\040\000e\000t\000\040\000M\000o\000d\000\351\000l\000i\000s\000a\000t\000i\000o\000n}{section.C.3}% 170
\BOOKMARK [1][-]{section.C.4}{\376\377\000I\000n\000d\000i\000c\000a\000t\000e\000u\000r\000s\000\040\000d\000e\000\040\000P\000e\000r\000f\000o\000r\000m\000a\000n\000c\000e}{appendix.C}% 171
\BOOKMARK [2][-]{subsection.C.4.1}{\376\377\000K\000P\000I\000s\000\040\000C\000o\000m\000m\000e\000r\000c\000i\000a\000u\000x}{section.C.4}% 172
\BOOKMARK [2][-]{subsection.C.4.2}{\376\377\000K\000P\000I\000s\000\040\000O\000p\000\351\000r\000a\000t\000i\000o\000n\000n\000e\000l\000s}{section.C.4}% 173
\BOOKMARK [2][-]{subsection.C.4.3}{\376\377\000M\000\351\000t\000r\000i\000q\000u\000e\000s\000\040\000R\000O\000I\000\040\000C\000l\000i\000e\000n\000t\000\040\000D\000o\000c\000u\000m\000e\000n\000t\000\351\000e\000s}{section.C.4}% 174
\BOOKMARK [0][-]{appendix.D}{\376\377\000A\000n\000a\000l\000y\000s\000e\000\040\000S\000e\000c\000t\000o\000r\000i\000e\000l\000l\000e\000\040\000A\000p\000p\000r\000o\000f\000o\000n\000d\000i\000e}{}% 175
\BOOKMARK [1][-]{section.D.1}{\376\377\000C\000a\000r\000t\000o\000g\000r\000a\000p\000h\000i\000e\000\040\000C\000o\000n\000c\000u\000r\000r\000e\000n\000t\000i\000e\000l\000l\000e\000\040\000D\000\351\000t\000a\000i\000l\000l\000\351\000e}{appendix.D}% 176
\BOOKMARK [2][-]{subsection.D.1.1}{\376\377\000G\000r\000a\000n\000d\000s\000\040\000C\000a\000b\000i\000n\000e\000t\000s\000\040\000d\000e\000\040\000C\000o\000n\000s\000e\000i\000l\000\040\000\050\000T\000i\000e\000r\000\040\0001\000\051}{section.D.1}% 177
\BOOKMARK [2][-]{subsection.D.1.2}{\376\377\000E\000S\000N\000\040\000e\000t\000\040\000I\000n\000t\000\351\000g\000r\000a\000t\000e\000u\000r\000s\000\040\000T\000r\000a\000d\000i\000t\000i\000o\000n\000n\000e\000l\000s}{section.D.1}% 178
\BOOKMARK [2][-]{subsection.D.1.3}{\376\377\000B\000o\000u\000t\000i\000q\000u\000e\000s\000\040\000S\000p\000\351\000c\000i\000a\000l\000i\000s\000\351\000e\000s\000\040\000I\000A}{section.D.1}% 179
\BOOKMARK [2][-]{subsection.D.1.4}{\376\377\000O\000r\000g\000a\000n\000i\000s\000m\000e\000s\000\040\000d\000e\000\040\000F\000o\000r\000m\000a\000t\000i\000o\000n\000\040\000e\000t\000\040\000C\000C\000I}{section.D.1}% 180
\BOOKMARK [2][-]{subsection.D.1.5}{\376\377\000P\000o\000s\000i\000t\000i\000o\000n\000n\000e\000m\000e\000n\000t\000\040\000C\000o\000n\000c\000u\000r\000r\000e\000n\000t\000i\000e\000l\000\040\000d\000e\000\040\000L\000u\000w\000a\000i}{section.D.1}% 181
\BOOKMARK [1][-]{section.D.2}{\376\377\000B\000e\000n\000c\000h\000m\000a\000r\000k\000\040\000I\000n\000t\000e\000r\000n\000a\000t\000i\000o\000n\000a\000l\000\040\000:\000\040\000F\000r\000a\000n\000c\000e\000\040\000v\000s\000\040\000U\000S\000\040\000v\000s\000\040\000E\000u\000r\000o\000p\000e}{appendix.D}% 182
\BOOKMARK [2][-]{subsection.D.2.1}{\376\377\000M\000o\000d\000\350\000l\000e\000\040\000A\000m\000\351\000r\000i\000c\000a\000i\000n\000\040\000:\000\040\000"\000T\000e\000c\000h\000n\000o\000l\000o\000g\000y\000-\000F\000i\000r\000s\000t\000"}{section.D.2}% 183
\BOOKMARK [2][-]{subsection.D.2.2}{\376\377\000M\000o\000d\000\350\000l\000e\000\040\000A\000l\000l\000e\000m\000a\000n\000d\000\040\000:\000\040\000"\000E\000n\000g\000i\000n\000e\000e\000r\000i\000n\000g\000-\000F\000i\000r\000s\000t\000"}{section.D.2}% 184
\BOOKMARK [2][-]{subsection.D.2.3}{\376\377\000M\000o\000d\000\350\000l\000e\000\040\000F\000r\000a\000n\000\347\000a\000i\000s\000\040\000:\000\040\000"\000H\000u\000m\000a\000n\000-\000C\000e\000n\000t\000r\000i\000c\000"}{section.D.2}% 185
\BOOKMARK [2][-]{subsection.D.2.4}{\376\377\000I\000m\000p\000l\000i\000c\000a\000t\000i\000o\000n\000s\000\040\000p\000o\000u\000r\000\040\000l\000e\000s\000\040\000E\000n\000t\000r\000e\000p\000r\000e\000n\000e\000u\000r\000s\000\040\000F\000r\000a\000n\000\347\000a\000i\000s}{section.D.2}% 186
\BOOKMARK [1][-]{section.D.3}{\376\377\000A\000n\000a\000l\000y\000s\000e\000\040\000R\000\351\000g\000l\000e\000m\000e\000n\000t\000a\000i\000r\000e\000\040\000:\000\040\000I\000A\000\040\000A\000c\000t\000\040\000e\000t\000\040\000R\000G\000P\000D}{appendix.D}% 187
\BOOKMARK [2][-]{subsection.D.3.1}{\376\377\000I\000m\000p\000a\000c\000t\000\040\000d\000e\000\040\000l\000'\000I\000A\000\040\000A\000c\000t\000\040\000E\000u\000r\000o\000p\000\351\000e\000n\000\040\000\050\0002\0000\0002\0004\000-\0002\0000\0002\0007\000\051}{section.D.3}% 188
\BOOKMARK [2][-]{subsection.D.3.2}{\376\377\000I\000m\000p\000l\000i\000c\000a\000t\000i\000o\000n\000s\000\040\000R\000G\000P\000D\000\040\000p\000o\000u\000r\000\040\000l\000'\000I\000A}{section.D.3}% 189
\BOOKMARK [2][-]{subsection.D.3.3}{\376\377\000O\000p\000p\000o\000r\000t\000u\000n\000i\000t\000\351\000s\000\040\000B\000u\000s\000i\000n\000e\000s\000s\000\040\000p\000o\000u\000r\000\040\000l\000e\000s\000\040\000A\000c\000c\000o\000m\000p\000a\000g\000n\000a\000t\000e\000u\000r\000s}{section.D.3}% 190
\BOOKMARK [0][-]{appendix.E}{\376\377\000R\000e\000c\000o\000m\000m\000a\000n\000d\000a\000t\000i\000o\000n\000s\000\040\000O\000p\000\351\000r\000a\000t\000i\000o\000n\000n\000e\000l\000l\000e\000s}{}% 191
\BOOKMARK [1][-]{section.E.1}{\376\377\000F\000r\000a\000m\000e\000w\000o\000r\000k\000\040\000d\000'\000\311\000v\000a\000l\000u\000a\000t\000i\000o\000n\000\040\000R\000O\000I\000\040\000I\000A}{appendix.E}% 192
\BOOKMARK [2][-]{subsection.E.1.1}{\376\377\000M\000a\000t\000r\000i\000c\000e\000\040\000d\000'\000\311\000v\000a\000l\000u\000a\000t\000i\000o\000n\000\040\000M\000u\000l\000t\000i\000d\000i\000m\000e\000n\000s\000i\000o\000n\000n\000e\000l\000l\000e}{section.E.1}% 193
\BOOKMARK [2][-]{subsection.E.1.2}{\376\377\000C\000a\000s\000\040\000d\000'\000U\000s\000a\000g\000e\000\040\000T\000y\000p\000i\000q\000u\000e\000s\000\040\000e\000t\000\040\000S\000c\000o\000r\000i\000n\000g}{section.E.1}% 194
\BOOKMARK [2][-]{subsection.E.1.3}{\376\377\000O\000u\000t\000i\000l\000s\000\040\000d\000e\000\040\000C\000a\000l\000c\000u\000l\000\040\000R\000O\000I\000\040\000D\000\351\000t\000a\000i\000l\000l\000\351\000s}{section.E.1}% 195
\BOOKMARK [1][-]{section.E.2}{\376\377\000C\000h\000e\000c\000k\000l\000i\000s\000t\000\040\000S\000\351\000l\000e\000c\000t\000i\000o\000n\000\040\000P\000r\000e\000s\000t\000a\000t\000a\000i\000r\000e}{appendix.E}% 196
\BOOKMARK [2][-]{subsection.E.2.1}{\376\377\000C\000r\000i\000t\000\350\000r\000e\000s\000\040\000d\000'\000\311\000v\000a\000l\000u\000a\000t\000i\000o\000n\000\040\000P\000o\000n\000d\000\351\000r\000\351\000s}{section.E.2}% 197
\BOOKMARK [2][-]{subsection.E.2.2}{\376\377\000G\000r\000i\000l\000l\000e\000\040\000d\000e\000\040\000N\000o\000t\000a\000t\000i\000o\000n\000\040\000D\000\351\000t\000a\000i\000l\000l\000\351\000e}{section.E.2}% 198
\BOOKMARK [2][-]{subsection.E.2.3}{\376\377\000Q\000u\000e\000s\000t\000i\000o\000n\000s\000\040\000T\000y\000p\000e\000s\000\040\000\340\000\040\000P\000o\000s\000e\000r\000\040\000a\000u\000x\000\040\000P\000r\000e\000s\000t\000a\000t\000a\000i\000r\000e\000s}{section.E.2}% 199
\BOOKMARK [1][-]{section.E.3}{\376\377\000T\000e\000m\000p\000l\000a\000t\000e\000s\000\040\000e\000t\000\040\000O\000u\000t\000i\000l\000s\000\040\000P\000r\000a\000t\000i\000q\000u\000e\000s}{appendix.E}% 200
\BOOKMARK [2][-]{subsection.E.3.1}{\376\377\000M\000o\000d\000\350\000l\000e\000\040\000d\000e\000\040\000C\000a\000h\000i\000e\000r\000\040\000d\000e\000s\000\040\000C\000h\000a\000r\000g\000e\000s\000\040\000I\000A}{section.E.3}% 201
\BOOKMARK [2][-]{subsection.E.3.2}{\376\377\000G\000r\000i\000l\000l\000e\000\040\000d\000'\000A\000u\000d\000i\000t\000\040\000I\000A\000\040\000I\000n\000t\000e\000r\000n\000e}{section.E.3}% 202
\BOOKMARK [2][-]{subsection.E.3.3}{\376\377\000I\000n\000d\000i\000c\000a\000t\000e\000u\000r\000s\000\040\000d\000e\000\040\000S\000u\000i\000v\000i\000\040\000P\000r\000o\000j\000e\000t}{section.E.3}% 203
\BOOKMARK [2][-]{subsection.E.3.4}{\376\377\000B\000o\000n\000n\000e\000s\000\040\000P\000r\000a\000t\000i\000q\000u\000e\000s\000\040\000O\000r\000g\000a\000n\000i\000s\000a\000t\000i\000o\000n\000n\000e\000l\000l\000e\000s}{section.E.3}% 204
