This is pdfTeX, Version 3.141592653-2.6-1.40.25 (TeX Live 2023) (preloaded format=pdflatex 2024.2.5)  7 OCT 2025 20:42
entering extended mode
 restricted \write18 enabled.
 file:line:error style messages enabled.
 %&-line parsing enabled.
**/Users/florido/Desktop/Thesis/thesis.tex
(/Users/florido/Desktop/Thesis/thesis.tex
LaTeX2e <2022-11-01> patch level 1
L3 programming layer <2023-02-22> (/usr/local/texlive/2023/texmf-dist/tex/latex/base/report.cls
Document Class: report 2022/07/02 v1.4n Standard LaTeX document class
(/usr/local/texlive/2023/texmf-dist/tex/latex/base/size12.clo
File: size12.clo 2022/07/02 v1.4n Standard LaTeX file (size option)
)
\c@part=\count185
\c@chapter=\count186
\c@section=\count187
\c@subsection=\count188
\c@subsubsection=\count189
\c@paragraph=\count190
\c@subparagraph=\count191
\c@figure=\count192
\c@table=\count193
\abovecaptionskip=\skip48
\belowcaptionskip=\skip49
\bibindent=\dimen140
) (/usr/local/texlive/2023/texmf-dist/tex/latex/base/inputenc.sty
Package: inputenc 2021/02/14 v1.3d Input encoding file
\inpenc@prehook=\toks16
\inpenc@posthook=\toks17
) (/usr/local/texlive/2023/texmf-dist/tex/latex/base/fontenc.sty
Package: fontenc 2021/04/29 v2.0v Standard LaTeX package
) (/usr/local/texlive/2023/texmf-dist/tex/latex/lm/lmodern.sty
Package: lmodern 2015/05/01 v1.6.1 Latin Modern Fonts
LaTeX Font Info:    Overwriting symbol font `operators' in version `normal'
(Font)                  OT1/cmr/m/n --> OT1/lmr/m/n on input line 22.
LaTeX Font Info:    Overwriting symbol font `letters' in version `normal'
(Font)                  OML/cmm/m/it --> OML/lmm/m/it on input line 23.
LaTeX Font Info:    Overwriting symbol font `symbols' in version `normal'
(Font)                  OMS/cmsy/m/n --> OMS/lmsy/m/n on input line 24.
LaTeX Font Info:    Overwriting symbol font `largesymbols' in version `normal'
(Font)                  OMX/cmex/m/n --> OMX/lmex/m/n on input line 25.
LaTeX Font Info:    Overwriting symbol font `operators' in version `bold'
(Font)                  OT1/cmr/bx/n --> OT1/lmr/bx/n on input line 26.
LaTeX Font Info:    Overwriting symbol font `letters' in version `bold'
(Font)                  OML/cmm/b/it --> OML/lmm/b/it on input line 27.
LaTeX Font Info:    Overwriting symbol font `symbols' in version `bold'
(Font)                  OMS/cmsy/b/n --> OMS/lmsy/b/n on input line 28.
LaTeX Font Info:    Overwriting symbol font `largesymbols' in version `bold'
(Font)                  OMX/cmex/m/n --> OMX/lmex/m/n on input line 29.
LaTeX Font Info:    Overwriting math alphabet `\mathbf' in version `normal'
(Font)                  OT1/cmr/bx/n --> OT1/lmr/bx/n on input line 31.
LaTeX Font Info:    Overwriting math alphabet `\mathsf' in version `normal'
(Font)                  OT1/cmss/m/n --> OT1/lmss/m/n on input line 32.
LaTeX Font Info:    Overwriting math alphabet `\mathit' in version `normal'
(Font)                  OT1/cmr/m/it --> OT1/lmr/m/it on input line 33.
LaTeX Font Info:    Overwriting math alphabet `\mathtt' in version `normal'
(Font)                  OT1/cmtt/m/n --> OT1/lmtt/m/n on input line 34.
LaTeX Font Info:    Overwriting math alphabet `\mathbf' in version `bold'
(Font)                  OT1/cmr/bx/n --> OT1/lmr/bx/n on input line 35.
LaTeX Font Info:    Overwriting math alphabet `\mathsf' in version `bold'
(Font)                  OT1/cmss/bx/n --> OT1/lmss/bx/n on input line 36.
LaTeX Font Info:    Overwriting math alphabet `\mathit' in version `bold'
(Font)                  OT1/cmr/bx/it --> OT1/lmr/bx/it on input line 37.
LaTeX Font Info:    Overwriting math alphabet `\mathtt' in version `bold'
(Font)                  OT1/cmtt/m/n --> OT1/lmtt/m/n on input line 38.
) (/usr/local/texlive/2023/texmf-dist/tex/generic/babel/babel.sty
Package: babel 2023/02/13 3.86 The Babel package
\babel@savecnt=\count194
\U@D=\dimen141
\l@unhyphenated=\language87
 (/usr/local/texlive/2023/texmf-dist/tex/generic/babel/txtbabel.def)
\bbl@readstream=\read2
\bbl@dirlevel=\count195
 (/usr/local/texlive/2023/texmf-dist/tex/generic/babel-french/french.ldf
Language: french 2023/03/08 v3.5q French support from the babel system
Package babel Info: Hyphen rules for 'acadian' set to \l@french
(babel)             (\language29). Reported on input line 91.
Package babel Info: Hyphen rules for 'canadien' set to \l@french
(babel)             (\language29). Reported on input line 92.
\FB@nonchar=\count196
Package babel Info: Making : an active character on input line 395.
Package babel Info: Making ; an active character on input line 396.
Package babel Info: Making ! an active character on input line 397.
Package babel Info: Making ? an active character on input line 398.
\FBguill@level=\count197
\FBold@everypar=\toks18
\FB@Mht=\dimen142
\mc@charclass=\count198
\mc@charfam=\count199
\mc@charslot=\count266
\std@mcc=\count267
\dec@mcc=\count268
\FB@parskip=\dimen143
\listindentFB=\dimen144
\descindentFB=\dimen145
\labelindentFB=\dimen146
\labelwidthFB=\dimen147
\leftmarginFB=\dimen148
\parindentFFN=\dimen149
\FBfnindent=\dimen150
)) (/usr/local/texlive/2023/texmf-dist/tex/generic/babel/locale/fr/babel-french.tex
Package babel Info: Importing font and identification data for french
(babel)             from babel-fr.ini. Reported on input line 11.
) (/usr/local/texlive/2023/texmf-dist/tex/latex/carlisle/scalefnt.sty) (/usr/local/texlive/2023/texmf-dist/tex/latex/graphics/keyval.sty
Package: keyval 2022/05/29 v1.15 key=value parser (DPC)
\KV@toks@=\toks19
) (/usr/local/texlive/2023/texmf-dist/tex/latex/csquotes/csquotes.sty
Package: csquotes 2022-09-14 v5.2n context-sensitive quotations (JAW)
 (/usr/local/texlive/2023/texmf-dist/tex/latex/etoolbox/etoolbox.sty
Package: etoolbox 2020/10/05 v2.5k e-TeX tools for LaTeX (JAW)
\etb@tempcnta=\count269
)
\csq@reset=\count270
\csq@gtype=\count271
\csq@glevel=\count272
\csq@qlevel=\count273
\csq@maxlvl=\count274
\csq@tshold=\count275
\csq@ltx@everypar=\toks20
 (/usr/local/texlive/2023/texmf-dist/tex/latex/csquotes/csquotes.def
File: csquotes.def 2022-09-14 v5.2n csquotes generic definitions (JAW)
)
Package csquotes Info: Trying to load configuration file 'csquotes.cfg'...
Package csquotes Info: ... configuration file loaded successfully.
 (/usr/local/texlive/2023/texmf-dist/tex/latex/csquotes/csquotes.cfg
File: csquotes.cfg 
)) (/usr/local/texlive/2023/texmf-dist/tex/latex/geometry/geometry.sty
Package: geometry 2020/01/02 v5.9 Page Geometry
 (/usr/local/texlive/2023/texmf-dist/tex/generic/iftex/ifvtex.sty
Package: ifvtex 2019/10/25 v1.7 ifvtex legacy package. Use iftex instead.
 (/usr/local/texlive/2023/texmf-dist/tex/generic/iftex/iftex.sty
Package: iftex 2022/02/03 v1.0f TeX engine tests
))
\Gm@cnth=\count276
\Gm@cntv=\count277
\c@Gm@tempcnt=\count278
\Gm@bindingoffset=\dimen151
\Gm@wd@mp=\dimen152
\Gm@odd@mp=\dimen153
\Gm@even@mp=\dimen154
\Gm@layoutwidth=\dimen155
\Gm@layoutheight=\dimen156
\Gm@layouthoffset=\dimen157
\Gm@layoutvoffset=\dimen158
\Gm@dimlist=\toks21
) (/usr/local/texlive/2023/texmf-dist/tex/latex/setspace/setspace.sty
Package: setspace 2022/12/04 v6.7b set line spacing
) (/usr/local/texlive/2023/texmf-dist/tex/latex/graphics/graphicx.sty
Package: graphicx 2021/09/16 v1.2d Enhanced LaTeX Graphics (DPC,SPQR)
 (/usr/local/texlive/2023/texmf-dist/tex/latex/graphics/graphics.sty
Package: graphics 2022/03/10 v1.4e Standard LaTeX Graphics (DPC,SPQR)
 (/usr/local/texlive/2023/texmf-dist/tex/latex/graphics/trig.sty
Package: trig 2021/08/11 v1.11 sin cos tan (DPC)
) (/usr/local/texlive/2023/texmf-dist/tex/latex/graphics-cfg/graphics.cfg
File: graphics.cfg 2016/06/04 v1.11 sample graphics configuration
)
Package graphics Info: Driver file: pdftex.def on input line 107.
 (/usr/local/texlive/2023/texmf-dist/tex/latex/graphics-def/pdftex.def
File: pdftex.def 2022/09/22 v1.2b Graphics/color driver for pdftex
))
\Gin@req@height=\dimen159
\Gin@req@width=\dimen160
) (/usr/local/texlive/2023/texmf-dist/tex/latex/float/float.sty
Package: float 2001/11/08 v1.3d Float enhancements (AL)
\c@float@type=\count279
\float@exts=\toks22
\float@box=\box51
\@float@everytoks=\toks23
\@floatcapt=\box52
) (/usr/local/texlive/2023/texmf-dist/tex/latex/caption/caption.sty
Package: caption 2023/03/12 v3.6j Customizing captions (AR)
 (/usr/local/texlive/2023/texmf-dist/tex/latex/caption/caption3.sty
Package: caption3 2023/03/12 v2.4 caption3 kernel (AR)
\caption@tempdima=\dimen161
\captionmargin=\dimen162
\caption@leftmargin=\dimen163
\caption@rightmargin=\dimen164
\caption@width=\dimen165
\caption@indent=\dimen166
\caption@parindent=\dimen167
\caption@hangindent=\dimen168
Package caption Info: Standard document class detected.
Package caption Info: french babel package is loaded.
)
\c@caption@flags=\count280
\c@continuedfloat=\count281
Package caption Info: float package is loaded.
) (/usr/local/texlive/2023/texmf-dist/tex/latex/caption/subcaption.sty
Package: subcaption 2023/02/19 v1.6 Sub-captions (AR)
Package caption Info: New subtype `subfigure' on input line 239.
\c@subfigure=\count282
Package caption Info: New subtype `subtable' on input line 239.
\c@subtable=\count283
) (/usr/local/texlive/2023/texmf-dist/tex/latex/tools/array.sty
Package: array 2022/09/04 v2.5g Tabular extension package (FMi)
\col@sep=\dimen169
\ar@mcellbox=\box53
\extrarowheight=\dimen170
\NC@list=\toks24
\extratabsurround=\skip50
\backup@length=\skip51
\ar@cellbox=\box54
) (/usr/local/texlive/2023/texmf-dist/tex/latex/tools/longtable.sty
Package: longtable 2021-09-01 v4.17 Multi-page Table package (DPC)
\LTleft=\skip52
\LTright=\skip53
\LTpre=\skip54
\LTpost=\skip55
\LTchunksize=\count284
\LTcapwidth=\dimen171
\LT@head=\box55
\LT@firsthead=\box56
\LT@foot=\box57
\LT@lastfoot=\box58
\LT@gbox=\box59
\LT@cols=\count285
\LT@rows=\count286
\c@LT@tables=\count287
\c@LT@chunks=\count288
\LT@p@ftn=\toks25
) (/usr/local/texlive/2023/texmf-dist/tex/latex/booktabs/booktabs.sty
Package: booktabs 2020/01/12 v1.61803398 Publication quality tables
\heavyrulewidth=\dimen172
\lightrulewidth=\dimen173
\cmidrulewidth=\dimen174
\belowrulesep=\dimen175
\belowbottomsep=\dimen176
\aboverulesep=\dimen177
\abovetopsep=\dimen178
\cmidrulesep=\dimen179
\cmidrulekern=\dimen180
\defaultaddspace=\dimen181
\@cmidla=\count289
\@cmidlb=\count290
\@aboverulesep=\dimen182
\@belowrulesep=\dimen183
\@thisruleclass=\count291
\@lastruleclass=\count292
\@thisrulewidth=\dimen184
) (/usr/local/texlive/2023/texmf-dist/tex/latex/multirow/multirow.sty
Package: multirow 2021/03/15 v2.8 Span multiple rows of a table
\multirow@colwidth=\skip56
\multirow@cntb=\count293
\multirow@dima=\skip57
\bigstrutjot=\dimen185
) (/usr/local/texlive/2023/texmf-dist/tex/latex/titlesec/titlesec.sty
Package: titlesec 2021/07/05 v2.14 Sectioning titles
\ttl@box=\box60
\beforetitleunit=\skip58
\aftertitleunit=\skip59
\ttl@plus=\dimen186
\ttl@minus=\dimen187
\ttl@toksa=\toks26
\titlewidth=\dimen188
\titlewidthlast=\dimen189
\titlewidthfirst=\dimen190
) (/usr/local/texlive/2023/texmf-dist/tex/latex/fancyhdr/fancyhdr.sty
Package: fancyhdr 2022/11/09 v4.1 Extensive control of page headers and footers
\f@nch@headwidth=\skip60
\f@nch@O@elh=\skip61
\f@nch@O@erh=\skip62
\f@nch@O@olh=\skip63
\f@nch@O@orh=\skip64
\f@nch@O@elf=\skip65
\f@nch@O@erf=\skip66
\f@nch@O@olf=\skip67
\f@nch@O@orf=\skip68
) (/usr/local/texlive/2023/texmf-dist/tex/latex/amsmath/amsmath.sty
Package: amsmath 2022/04/08 v2.17n AMS math features
\@mathmargin=\skip69

For additional information on amsmath, use the `?' option.
(/usr/local/texlive/2023/texmf-dist/tex/latex/amsmath/amstext.sty
Package: amstext 2021/08/26 v2.01 AMS text
 (/usr/local/texlive/2023/texmf-dist/tex/latex/amsmath/amsgen.sty
File: amsgen.sty 1999/11/30 v2.0 generic functions
\@emptytoks=\toks27
\ex@=\dimen191
)) (/usr/local/texlive/2023/texmf-dist/tex/latex/amsmath/amsbsy.sty
Package: amsbsy 1999/11/29 v1.2d Bold Symbols
\pmbraise@=\dimen192
) (/usr/local/texlive/2023/texmf-dist/tex/latex/amsmath/amsopn.sty
Package: amsopn 2022/04/08 v2.04 operator names
)
\inf@bad=\count294
LaTeX Info: Redefining \frac on input line 234.
\uproot@=\count295
\leftroot@=\count296
LaTeX Info: Redefining \overline on input line 399.
LaTeX Info: Redefining \colon on input line 410.
\classnum@=\count297
\DOTSCASE@=\count298
LaTeX Info: Redefining \ldots on input line 496.
LaTeX Info: Redefining \dots on input line 499.
LaTeX Info: Redefining \cdots on input line 620.
\Mathstrutbox@=\box61
\strutbox@=\box62
LaTeX Info: Redefining \big on input line 722.
LaTeX Info: Redefining \Big on input line 723.
LaTeX Info: Redefining \bigg on input line 724.
LaTeX Info: Redefining \Bigg on input line 725.
\big@size=\dimen193
LaTeX Font Info:    Redeclaring font encoding OML on input line 743.
LaTeX Font Info:    Redeclaring font encoding OMS on input line 744.
\macc@depth=\count299
LaTeX Info: Redefining \bmod on input line 905.
LaTeX Info: Redefining \pmod on input line 910.
LaTeX Info: Redefining \smash on input line 940.
LaTeX Info: Redefining \relbar on input line 970.
LaTeX Info: Redefining \Relbar on input line 971.
\c@MaxMatrixCols=\count300
\dotsspace@=\muskip16
\c@parentequation=\count301
\dspbrk@lvl=\count302
\tag@help=\toks28
\row@=\count303
\column@=\count304
\maxfields@=\count305
\andhelp@=\toks29
\eqnshift@=\dimen194
\alignsep@=\dimen195
\tagshift@=\dimen196
\tagwidth@=\dimen197
\totwidth@=\dimen198
\lineht@=\dimen199
\@envbody=\toks30
\multlinegap=\skip70
\multlinetaggap=\skip71
\mathdisplay@stack=\toks31
LaTeX Info: Redefining \[ on input line 2953.
LaTeX Info: Redefining \] on input line 2954.
) (/usr/local/texlive/2023/texmf-dist/tex/latex/amsfonts/amssymb.sty
Package: amssymb 2013/01/14 v3.01 AMS font symbols
 (/usr/local/texlive/2023/texmf-dist/tex/latex/amsfonts/amsfonts.sty
Package: amsfonts 2013/01/14 v3.01 Basic AMSFonts support
\symAMSa=\mathgroup4
\symAMSb=\mathgroup5
LaTeX Font Info:    Redeclaring math symbol \hbar on input line 98.
LaTeX Font Info:    Overwriting math alphabet `\mathfrak' in version `bold'
(Font)                  U/euf/m/n --> U/euf/b/n on input line 106.
)) (/usr/local/texlive/2023/texmf-dist/tex/latex/url/url.sty
\Urlmuskip=\muskip17
Package: url 2013/09/16  ver 3.4  Verb mode for urls, etc.
) (/usr/local/texlive/2023/texmf-dist/tex/latex/hyperref/hyperref.sty
Package: hyperref 2023-02-07 v7.00v Hypertext links for LaTeX
 (/usr/local/texlive/2023/texmf-dist/tex/generic/ltxcmds/ltxcmds.sty
Package: ltxcmds 2020-05-10 v1.25 LaTeX kernel commands for general use (HO)
) (/usr/local/texlive/2023/texmf-dist/tex/generic/pdftexcmds/pdftexcmds.sty
Package: pdftexcmds 2020-06-27 v0.33 Utility functions of pdfTeX for LuaTeX (HO)
 (/usr/local/texlive/2023/texmf-dist/tex/generic/infwarerr/infwarerr.sty
Package: infwarerr 2019/12/03 v1.5 Providing info/warning/error messages (HO)
)
Package pdftexcmds Info: \pdf@primitive is available.
Package pdftexcmds Info: \pdf@ifprimitive is available.
Package pdftexcmds Info: \pdfdraftmode found.
) (/usr/local/texlive/2023/texmf-dist/tex/latex/kvsetkeys/kvsetkeys.sty
Package: kvsetkeys 2022-10-05 v1.19 Key value parser (HO)
) (/usr/local/texlive/2023/texmf-dist/tex/generic/kvdefinekeys/kvdefinekeys.sty
Package: kvdefinekeys 2019-12-19 v1.6 Define keys (HO)
) (/usr/local/texlive/2023/texmf-dist/tex/generic/pdfescape/pdfescape.sty
Package: pdfescape 2019/12/09 v1.15 Implements pdfTeX's escape features (HO)
) (/usr/local/texlive/2023/texmf-dist/tex/latex/hycolor/hycolor.sty
Package: hycolor 2020-01-27 v1.10 Color options for hyperref/bookmark (HO)
) (/usr/local/texlive/2023/texmf-dist/tex/latex/letltxmacro/letltxmacro.sty
Package: letltxmacro 2019/12/03 v1.6 Let assignment for LaTeX macros (HO)
) (/usr/local/texlive/2023/texmf-dist/tex/latex/auxhook/auxhook.sty
Package: auxhook 2019-12-17 v1.6 Hooks for auxiliary files (HO)
) (/usr/local/texlive/2023/texmf-dist/tex/latex/hyperref/nameref.sty
Package: nameref 2022-05-17 v2.50 Cross-referencing by name of section
 (/usr/local/texlive/2023/texmf-dist/tex/latex/refcount/refcount.sty
Package: refcount 2019/12/15 v3.6 Data extraction from label references (HO)
) (/usr/local/texlive/2023/texmf-dist/tex/generic/gettitlestring/gettitlestring.sty
Package: gettitlestring 2019/12/15 v1.6 Cleanup title references (HO)
 (/usr/local/texlive/2023/texmf-dist/tex/latex/kvoptions/kvoptions.sty
Package: kvoptions 2022-06-15 v3.15 Key value format for package options (HO)
))
\c@section@level=\count306
)
\@linkdim=\dimen256
\Hy@linkcounter=\count307
\Hy@pagecounter=\count308
 (/usr/local/texlive/2023/texmf-dist/tex/latex/hyperref/pd1enc.def
File: pd1enc.def 2023-02-07 v7.00v Hyperref: PDFDocEncoding definition (HO)
Now handling font encoding PD1 ...
... no UTF-8 mapping file for font encoding PD1
) (/usr/local/texlive/2023/texmf-dist/tex/generic/intcalc/intcalc.sty
Package: intcalc 2019/12/15 v1.3 Expandable calculations with integers (HO)
) (/usr/local/texlive/2023/texmf-dist/tex/generic/etexcmds/etexcmds.sty
Package: etexcmds 2019/12/15 v1.7 Avoid name clashes with e-TeX commands (HO)
)
\Hy@SavedSpaceFactor=\count309
 (/usr/local/texlive/2023/texmf-dist/tex/latex/hyperref/puenc.def
File: puenc.def 2023-02-07 v7.00v Hyperref: PDF Unicode definition (HO)
Now handling font encoding PU ...
... no UTF-8 mapping file for font encoding PU
)
Package hyperref Info: Hyper figures OFF on input line 4177.
Package hyperref Info: Link nesting OFF on input line 4182.
Package hyperref Info: Hyper index ON on input line 4185.
Package hyperref Info: Plain pages OFF on input line 4192.
Package hyperref Info: Backreferencing OFF on input line 4197.
Package hyperref Info: Implicit mode ON; LaTeX internals redefined.
Package hyperref Info: Bookmarks ON on input line 4425.
\c@Hy@tempcnt=\count310
LaTeX Info: Redefining \url on input line 4763.
\XeTeXLinkMargin=\dimen257
 (/usr/local/texlive/2023/texmf-dist/tex/generic/bitset/bitset.sty
Package: bitset 2019/12/09 v1.3 Handle bit-vector datatype (HO)
 (/usr/local/texlive/2023/texmf-dist/tex/generic/bigintcalc/bigintcalc.sty
Package: bigintcalc 2019/12/15 v1.5 Expandable calculations on big integers (HO)
))
\Fld@menulength=\count311
\Field@Width=\dimen258
\Fld@charsize=\dimen259
Package hyperref Info: Hyper figures OFF on input line 6042.
Package hyperref Info: Link nesting OFF on input line 6047.
Package hyperref Info: Hyper index ON on input line 6050.
Package hyperref Info: backreferencing OFF on input line 6057.
Package hyperref Info: Link coloring OFF on input line 6062.
Package hyperref Info: Link coloring with OCG OFF on input line 6067.
Package hyperref Info: PDF/A mode OFF on input line 6072.
 (/usr/local/texlive/2023/texmf-dist/tex/latex/base/atbegshi-ltx.sty
Package: atbegshi-ltx 2021/01/10 v1.0c Emulation of the original atbegshi
package with kernel methods
)
\Hy@abspage=\count312
\c@Item=\count313
\c@Hfootnote=\count314
)
Package hyperref Info: Driver (autodetected): hpdftex.
 (/usr/local/texlive/2023/texmf-dist/tex/latex/hyperref/hpdftex.def
File: hpdftex.def 2023-02-07 v7.00v Hyperref driver for pdfTeX
 (/usr/local/texlive/2023/texmf-dist/tex/latex/base/atveryend-ltx.sty
Package: atveryend-ltx 2020/08/19 v1.0a Emulation of the original atveryend package
with kernel methods
)
\Fld@listcount=\count315
\c@bookmark@seq@number=\count316
 (/usr/local/texlive/2023/texmf-dist/tex/latex/rerunfilecheck/rerunfilecheck.sty
Package: rerunfilecheck 2022-07-10 v1.10 Rerun checks for auxiliary files (HO)
 (/usr/local/texlive/2023/texmf-dist/tex/generic/uniquecounter/uniquecounter.sty
Package: uniquecounter 2019/12/15 v1.4 Provide unlimited unique counter (HO)
)
Package uniquecounter Info: New unique counter `rerunfilecheck' on input line 285.
)
\Hy@SectionHShift=\skip72
) (/usr/local/texlive/2023/texmf-dist/tex/latex/xcolor/xcolor.sty
Package: xcolor 2022/06/12 v2.14 LaTeX color extensions (UK)
 (/usr/local/texlive/2023/texmf-dist/tex/latex/graphics-cfg/color.cfg
File: color.cfg 2016/01/02 v1.6 sample color configuration
)
Package xcolor Info: Driver file: pdftex.def on input line 227.
 (/usr/local/texlive/2023/texmf-dist/tex/latex/graphics/mathcolor.ltx)
Package xcolor Info: Model `cmy' substituted by `cmy0' on input line 1353.
Package xcolor Info: Model `hsb' substituted by `rgb' on input line 1357.
Package xcolor Info: Model `RGB' extended on input line 1369.
Package xcolor Info: Model `HTML' substituted by `rgb' on input line 1371.
Package xcolor Info: Model `Hsb' substituted by `hsb' on input line 1372.
Package xcolor Info: Model `tHsb' substituted by `hsb' on input line 1373.
Package xcolor Info: Model `HSB' substituted by `hsb' on input line 1374.
Package xcolor Info: Model `Gray' substituted by `gray' on input line 1375.
Package xcolor Info: Model `wave' substituted by `hsb' on input line 1376.
) (/usr/local/texlive/2023/texmf-dist/tex/latex/microtype/microtype.sty
Package: microtype 2023/03/13 v3.1a Micro-typographical refinements (RS)
\MT@toks=\toks32
\MT@tempbox=\box63
\MT@count=\count317
LaTeX Info: Redefining \noprotrusionifhmode on input line 1059.
LaTeX Info: Redefining \leftprotrusion on input line 1060.
\MT@prot@toks=\toks33
LaTeX Info: Redefining \rightprotrusion on input line 1078.
LaTeX Info: Redefining \textls on input line 1368.
\MT@outer@kern=\dimen260
LaTeX Info: Redefining \textmicrotypecontext on input line 1988.
\MT@listname@count=\count318
 (/usr/local/texlive/2023/texmf-dist/tex/latex/microtype/microtype-pdftex.def
File: microtype-pdftex.def 2023/03/13 v3.1a Definitions specific to pdftex (RS)
LaTeX Info: Redefining \lsstyle on input line 902.
LaTeX Info: Redefining \lslig on input line 902.
\MT@outer@space=\skip73
)
Package microtype Info: Loading configuration file microtype.cfg.
 (/usr/local/texlive/2023/texmf-dist/tex/latex/microtype/microtype.cfg
File: microtype.cfg 2023/03/13 v3.1a microtype main configuration file (RS)
)) (/usr/local/texlive/2023/texmf-dist/tex/latex/base/textcomp.sty
Package: textcomp 2020/02/02 v2.0n Standard LaTeX package
) (/usr/local/texlive/2023/texmf-dist/tex/latex/biblatex/biblatex.sty
Package: biblatex 2023/03/05 v3.19 programmable bibliographies (PK/MW)
 (/usr/local/texlive/2023/texmf-dist/tex/latex/logreq/logreq.sty
Package: logreq 2010/08/04 v1.0 xml request logger
\lrq@indent=\count319
 (/usr/local/texlive/2023/texmf-dist/tex/latex/logreq/logreq.def
File: logreq.def 2010/08/04 v1.0 logreq spec v1.0
)) (/usr/local/texlive/2023/texmf-dist/tex/latex/base/ifthen.sty
Package: ifthen 2022/04/13 v1.1d Standard LaTeX ifthen package (DPC)
)
\c@tabx@nest=\count320
\c@listtotal=\count321
\c@listcount=\count322
\c@liststart=\count323
\c@liststop=\count324
\c@citecount=\count325
\c@citetotal=\count326
\c@multicitecount=\count327
\c@multicitetotal=\count328
\c@instcount=\count329
\c@maxnames=\count330
\c@minnames=\count331
\c@maxitems=\count332
\c@minitems=\count333
\c@citecounter=\count334
\c@maxcitecounter=\count335
\c@savedcitecounter=\count336
\c@uniquelist=\count337
\c@uniquename=\count338
\c@refsection=\count339
\c@refsegment=\count340
\c@maxextratitle=\count341
\c@maxextratitleyear=\count342
\c@maxextraname=\count343
\c@maxextradate=\count344
\c@maxextraalpha=\count345
\c@abbrvpenalty=\count346
\c@highnamepenalty=\count347
\c@lownamepenalty=\count348
\c@maxparens=\count349
\c@parenlevel=\count350
\blx@tempcnta=\count351
\blx@tempcntb=\count352
\blx@tempcntc=\count353
\c@blx@maxsection=\count354
\blx@maxsegment@0=\count355
\blx@notetype=\count356
\blx@parenlevel@text=\count357
\blx@parenlevel@foot=\count358
\blx@sectionciteorder@0=\count359
\blx@sectionciteorderinternal@0=\count360
\blx@entrysetcounter=\count361
\blx@biblioinstance=\count362
\labelnumberwidth=\skip74
\labelalphawidth=\skip75
\biblabelsep=\skip76
\bibitemsep=\skip77
\bibnamesep=\skip78
\bibinitsep=\skip79
\bibparsep=\skip80
\bibhang=\skip81
\blx@bcfin=\read3
\blx@bcfout=\write3
\blx@langwohyphens=\language88
\c@mincomprange=\count363
\c@maxcomprange=\count364
\c@mincompwidth=\count365
Package biblatex Info: Trying to load biblatex default data model...
Package biblatex Info: ... file 'blx-dm.def' found.
 (/usr/local/texlive/2023/texmf-dist/tex/latex/biblatex/blx-dm.def
File: blx-dm.def 2023/03/05 v3.19 biblatex localization (PK/MW)
)
Package biblatex Info: Trying to load biblatex style data model...
Package biblatex Info: ... file 'numeric-comp.dbx' not found.
Package biblatex Info: Trying to load biblatex custom data model...
Package biblatex Info: ... file 'biblatex-dm.cfg' not found.
\c@afterword=\count366
\c@savedafterword=\count367
\c@annotator=\count368
\c@savedannotator=\count369
\c@author=\count370
\c@savedauthor=\count371
\c@bookauthor=\count372
\c@savedbookauthor=\count373
\c@commentator=\count374
\c@savedcommentator=\count375
\c@editor=\count376
\c@savededitor=\count377
\c@editora=\count378
\c@savededitora=\count379
\c@editorb=\count380
\c@savededitorb=\count381
\c@editorc=\count382
\c@savededitorc=\count383
\c@foreword=\count384
\c@savedforeword=\count385
\c@holder=\count386
\c@savedholder=\count387
\c@introduction=\count388
\c@savedintroduction=\count389
\c@namea=\count390
\c@savednamea=\count391
\c@nameb=\count392
\c@savednameb=\count393
\c@namec=\count394
\c@savednamec=\count395
\c@translator=\count396
\c@savedtranslator=\count397
\c@shortauthor=\count398
\c@savedshortauthor=\count399
\c@shorteditor=\count400
\c@savedshorteditor=\count401
\c@labelname=\count402
\c@savedlabelname=\count403
\c@institution=\count404
\c@savedinstitution=\count405
\c@lista=\count406
\c@savedlista=\count407
\c@listb=\count408
\c@savedlistb=\count409
\c@listc=\count410
\c@savedlistc=\count411
\c@listd=\count412
\c@savedlistd=\count413
\c@liste=\count414
\c@savedliste=\count415
\c@listf=\count416
\c@savedlistf=\count417
\c@location=\count418
\c@savedlocation=\count419
\c@organization=\count420
\c@savedorganization=\count421
\c@origlocation=\count422
\c@savedoriglocation=\count423
\c@origpublisher=\count424
\c@savedorigpublisher=\count425
\c@publisher=\count426
\c@savedpublisher=\count427
\c@language=\count428
\c@savedlanguage=\count429
\c@origlanguage=\count430
\c@savedoriglanguage=\count431
\c@pageref=\count432
\c@savedpageref=\count433
\shorthandwidth=\skip82
\shortjournalwidth=\skip83
\shortserieswidth=\skip84
\shorttitlewidth=\skip85
\shortauthorwidth=\skip86
\shorteditorwidth=\skip87
\locallabelnumberwidth=\skip88
\locallabelalphawidth=\skip89
\localshorthandwidth=\skip90
\localshortjournalwidth=\skip91
\localshortserieswidth=\skip92
\localshorttitlewidth=\skip93
\localshortauthorwidth=\skip94
\localshorteditorwidth=\skip95
Package biblatex Info: Trying to load compatibility code...
Package biblatex Info: ... file 'blx-compat.def' found.
 (/usr/local/texlive/2023/texmf-dist/tex/latex/biblatex/blx-compat.def
File: blx-compat.def 2023/03/05 v3.19 biblatex compatibility (PK/MW)
)
Package biblatex Info: Trying to load BibTeX backend compatibility...
Package biblatex Info: ... file 'blx-bibtex.def' found.
 (/usr/local/texlive/2023/texmf-dist/tex/latex/biblatex/blx-bibtex.def
File: blx-bibtex.def 2023/03/05 v3.19 biblatex compatibility (PK/MW)


Package biblatex Warning: Using fall-back bibtex backend:
(biblatex)                functionality may be reduced/unavailable.

)
Package biblatex Info: Trying to load generic definitions...
Package biblatex Info: ... file 'biblatex.def' found.
 (/usr/local/texlive/2023/texmf-dist/tex/latex/biblatex/biblatex.def
File: biblatex.def 2023/03/05 v3.19 biblatex compatibility (PK/MW)
\c@textcitecount=\count434
\c@textcitetotal=\count435
\c@textcitemaxnames=\count436
\c@biburlbigbreakpenalty=\count437
\c@biburlbreakpenalty=\count438
\c@biburlnumpenalty=\count439
\c@biburlucpenalty=\count440
\c@biburllcpenalty=\count441
\biburlbigskip=\muskip18
\biburlnumskip=\muskip19
\biburlucskip=\muskip20
\biburllcskip=\muskip21
\c@smartand=\count442
)
Package biblatex Info: Trying to load bibliography style 'numeric-comp'...
Package biblatex Info: ... file 'numeric-comp.bbx' found.
 (/usr/local/texlive/2023/texmf-dist/tex/latex/biblatex/bbx/numeric-comp.bbx
File: numeric-comp.bbx 2023/03/05 v3.19 biblatex bibliography style (PK/MW)
Package biblatex Info: Trying to load bibliography style 'numeric'...
Package biblatex Info: ... file 'numeric.bbx' found.
 (/usr/local/texlive/2023/texmf-dist/tex/latex/biblatex/bbx/numeric.bbx
File: numeric.bbx 2023/03/05 v3.19 biblatex bibliography style (PK/MW)
Package biblatex Info: Trying to load bibliography style 'standard'...
Package biblatex Info: ... file 'standard.bbx' found.
 (/usr/local/texlive/2023/texmf-dist/tex/latex/biblatex/bbx/standard.bbx
File: standard.bbx 2023/03/05 v3.19 biblatex bibliography style (PK/MW)
\c@bbx:relatedcount=\count443
\c@bbx:relatedtotal=\count444
)))
Package biblatex Info: Trying to load citation style 'numeric-comp'...
Package biblatex Info: ... file 'numeric-comp.cbx' found.
 (/usr/local/texlive/2023/texmf-dist/tex/latex/biblatex/cbx/numeric-comp.cbx
File: numeric-comp.cbx 2023/03/05 v3.19 biblatex citation style (PK/MW)
\c@cbx@tempcnta=\count445
\c@cbx@tempcntb=\count446
\c@cbx@tempcntc=\count447
\c@cbx@tempcntd=\count448
Package biblatex Info: Redefining '\cite'.
Package biblatex Info: Redefining '\parencite'.
Package biblatex Info: Redefining '\footcite'.
Package biblatex Info: Redefining '\footcitetext'.
Package biblatex Info: Redefining '\smartcite'.
Package biblatex Info: Redefining '\supercite'.
Package biblatex Info: Redefining '\textcite'.
Package biblatex Info: Redefining '\textcites'.
Package biblatex Info: Redefining '\cites'.
Package biblatex Info: Redefining '\parencites'.
Package biblatex Info: Redefining '\smartcites'.
)
Package biblatex Info: Trying to load configuration file...
Package biblatex Info: ... file 'biblatex.cfg' found.
 (/usr/local/texlive/2023/texmf-dist/tex/latex/biblatex/biblatex.cfg
File: biblatex.cfg 
)
Package biblatex Info: Input encoding 'utf8' detected.
Package biblatex Info: Document encoding is UTF8 ....
 (/usr/local/texlive/2023/texmf-dist/tex/latex/l3kernel/expl3.sty
Package: expl3 2023-02-22 L3 programming layer (loader) 
 (/usr/local/texlive/2023/texmf-dist/tex/latex/l3backend/l3backend-pdftex.def
File: l3backend-pdftex.def 2023-01-16 L3 backend support: PDF output (pdfTeX)
\l__color_backend_stack_int=\count449
\l__pdf_internal_box=\box64
))
Package biblatex Info: ... and expl3
(biblatex)             2023-02-22 L3 programming layer (loader) 
(biblatex)             is new enough (at least 2020/04/06),
(biblatex)             setting 'casechanger=expl3'.
 (/usr/local/texlive/2023/texmf-dist/tex/latex/biblatex/blx-case-expl3.sty (/usr/local/texlive/2023/texmf-dist/tex/latex/l3packages/xparse/xparse.sty
Package: xparse 2023-02-02 L3 Experimental document command parser
)
Package: blx-case-expl3 2023/03/05 v3.19 expl3 case changing code for biblatex
))
Package csquotes Info: Checking for multilingual support...
Package csquotes Info: ... found 'babel' package.
Package csquotes Info: Adjusting default style.
Package csquotes Info: Redefining alias 'default' -> 'french'.
LaTeX Font Info:    Trying to load font information for T1+lmr on input line 92.
 (/usr/local/texlive/2023/texmf-dist/tex/latex/lm/t1lmr.fd
File: t1lmr.fd 2015/05/01 v1.6.1 Font defs for Latin Modern
) (./thesis.aux)
\openout1 = `thesis.aux'.

LaTeX Font Info:    Checking defaults for OML/cmm/m/it on input line 92.
LaTeX Font Info:    ... okay on input line 92.
LaTeX Font Info:    Checking defaults for OMS/cmsy/m/n on input line 92.
LaTeX Font Info:    ... okay on input line 92.
LaTeX Font Info:    Checking defaults for OT1/cmr/m/n on input line 92.
LaTeX Font Info:    ... okay on input line 92.
LaTeX Font Info:    Checking defaults for T1/cmr/m/n on input line 92.
LaTeX Font Info:    ... okay on input line 92.
LaTeX Font Info:    Checking defaults for TS1/cmr/m/n on input line 92.
LaTeX Font Info:    ... okay on input line 92.
LaTeX Font Info:    Checking defaults for OMX/cmex/m/n on input line 92.
LaTeX Font Info:    ... okay on input line 92.
LaTeX Font Info:    Checking defaults for U/cmr/m/n on input line 92.
LaTeX Font Info:    ... okay on input line 92.
LaTeX Font Info:    Checking defaults for PD1/pdf/m/n on input line 92.
LaTeX Font Info:    ... okay on input line 92.
LaTeX Font Info:    Checking defaults for PU/pdf/m/n on input line 92.
LaTeX Font Info:    ... okay on input line 92.
LaTeX Info: Redefining \degres on input line 92.
LaTeX Info: Redefining \up on input line 92.

*geometry* driver: auto-detecting
*geometry* detected driver: pdftex
*geometry* verbose mode - [ preamble ] result:
* driver: pdftex
* paper: a4paper
* layout: <same size as paper>
* layoutoffset:(h,v)=(0.0pt,0.0pt)
* modes: 
* h-part:(L,W,R)=(62.59596pt, 472.31595pt, 62.59596pt)
* v-part:(T,H,B)=(85.35826pt, 688.5567pt, 71.13188pt)
* \paperwidth=597.50787pt
* \paperheight=845.04684pt
* \textwidth=472.31595pt
* \textheight=688.5567pt
* \oddsidemargin=-9.67403pt
* \evensidemargin=-9.67403pt
* \topmargin=-23.91173pt
* \headheight=16.0pt
* \headsep=25.0pt
* \topskip=12.0pt
* \footskip=30.0pt
* \marginparwidth=35.0pt
* \marginparsep=10.0pt
* \columnsep=10.0pt
* \skip\footins=10.8pt plus 4.0pt minus 2.0pt
* \hoffset=0.0pt
* \voffset=0.0pt
* \mag=1000
* \@twocolumnfalse
* \@twosidefalse
* \@mparswitchfalse
* \@reversemarginfalse
* (1in=72.27pt=25.4mm, 1cm=28.453pt)

(/usr/local/texlive/2023/texmf-dist/tex/context/base/mkii/supp-pdf.mkii
[Loading MPS to PDF converter (version 2006.09.02).]
\scratchcounter=\count450
\scratchdimen=\dimen261
\scratchbox=\box65
\nofMPsegments=\count451
\nofMParguments=\count452
\everyMPshowfont=\toks34
\MPscratchCnt=\count453
\MPscratchDim=\dimen262
\MPnumerator=\count454
\makeMPintoPDFobject=\count455
\everyMPtoPDFconversion=\toks35
) (/usr/local/texlive/2023/texmf-dist/tex/latex/epstopdf-pkg/epstopdf-base.sty
Package: epstopdf-base 2020-01-24 v2.11 Base part for package epstopdf
Package epstopdf-base Info: Redefining graphics rule for `.eps' on input line 485.
 (/usr/local/texlive/2023/texmf-dist/tex/latex/latexconfig/epstopdf-sys.cfg
File: epstopdf-sys.cfg 2010/07/13 v1.3 Configuration of (r)epstopdf for TeX Live
))
Package caption Info: Begin \AtBeginDocument code.
Package caption Info: hyperref package is loaded.
Package caption Info: longtable package is loaded.
 (/usr/local/texlive/2023/texmf-dist/tex/latex/caption/ltcaption.sty
Package: ltcaption 2021/01/08 v1.4c longtable captions (AR)
)
Package caption Info: End \AtBeginDocument code.
Package hyperref Info: Link coloring OFF on input line 92.
 (./thesis.out) (./thesis.out)
\@outlinefile=\write4
\openout4 = `thesis.out'.

LaTeX Info: Redefining \microtypecontext on input line 92.
Package microtype Info: Applying patch `item' on input line 92.
Package microtype Info: Applying patch `toc' on input line 92.
Package microtype Info: Applying patch `eqnum' on input line 92.
Package microtype Info: Applying patch `footnote' on input line 92.
Package microtype Info: Applying patch `verbatim' on input line 92.
Package microtype Info: Generating PDF output.
Package microtype Info: Character protrusion enabled (level 2).
Package microtype Info: Using default protrusion set `alltext'.
Package microtype Info: Automatic font expansion enabled (level 2),
(microtype)             stretch: 20, shrink: 20, step: 1, non-selected.
Package microtype Info: Using default expansion set `alltext-nott'.
LaTeX Info: Redefining \showhyphens on input line 92.
Package microtype Info: No adjustment of tracking.
Package microtype Info: No adjustment of interword spacing.
Package microtype Info: No adjustment of character kerning.
 (/usr/local/texlive/2023/texmf-dist/tex/latex/microtype/mt-cmr.cfg
File: mt-cmr.cfg 2013/05/19 v2.2 microtype config. file: Computer Modern Roman (RS)
)
Package biblatex Info: Trying to load language 'french'...
Package biblatex Info: ... file 'french.lbx' found.
 (/usr/local/texlive/2023/texmf-dist/tex/latex/biblatex/lbx/french.lbx
File: french.lbx 2023/03/05 v3.19 biblatex localization (PK/MW)
)
Package biblatex Info: Input encoding 'utf8' detected.
Package biblatex Info: Automatic encoding selection.
(biblatex)             Assuming data encoding 'utf8'.
Package biblatex Info: Input encoding 'utf8' detected.
Package biblatex Info: Data encoding 'utf8' specified.
(biblatex)             No need to reencode data.
\openout3 = `thesis-blx.bib'.

Package biblatex Info: Trying to load bibliographic data...
Package biblatex Info: ... file 'thesis.bbl' found.
 (./thesis.bbl)
Package biblatex Info: Reference section=0 on input line 92.
Package biblatex Info: Reference segment=0 on input line 92.
LaTeX Font Info:    Trying to load font information for OT1+lmr on input line 106.
 (/usr/local/texlive/2023/texmf-dist/tex/latex/lm/ot1lmr.fd
File: ot1lmr.fd 2015/05/01 v1.6.1 Font defs for Latin Modern
)
LaTeX Font Info:    Trying to load font information for OML+lmm on input line 106.
 (/usr/local/texlive/2023/texmf-dist/tex/latex/lm/omllmm.fd
File: omllmm.fd 2015/05/01 v1.6.1 Font defs for Latin Modern
)
LaTeX Font Info:    Trying to load font information for OMS+lmsy on input line 106.
 (/usr/local/texlive/2023/texmf-dist/tex/latex/lm/omslmsy.fd
File: omslmsy.fd 2015/05/01 v1.6.1 Font defs for Latin Modern
)
LaTeX Font Info:    Trying to load font information for OMX+lmex on input line 106.
 (/usr/local/texlive/2023/texmf-dist/tex/latex/lm/omxlmex.fd
File: omxlmex.fd 2015/05/01 v1.6.1 Font defs for Latin Modern
)
LaTeX Font Info:    External font `lmex10' loaded for size
(Font)              <12> on input line 106.
LaTeX Font Info:    External font `lmex10' loaded for size
(Font)              <8> on input line 106.
LaTeX Font Info:    External font `lmex10' loaded for size
(Font)              <6> on input line 106.
LaTeX Font Info:    Trying to load font information for U+msa on input line 106.
 (/usr/local/texlive/2023/texmf-dist/tex/latex/amsfonts/umsa.fd
File: umsa.fd 2013/01/14 v3.01 AMS symbols A
) (/usr/local/texlive/2023/texmf-dist/tex/latex/microtype/mt-msa.cfg
File: mt-msa.cfg 2006/02/04 v1.1 microtype config. file: AMS symbols (a) (RS)
)
LaTeX Font Info:    Trying to load font information for U+msb on input line 106.
 (/usr/local/texlive/2023/texmf-dist/tex/latex/amsfonts/umsb.fd
File: umsb.fd 2013/01/14 v3.01 AMS symbols B
) (/usr/local/texlive/2023/texmf-dist/tex/latex/microtype/mt-msb.cfg
File: mt-msb.cfg 2005/06/01 v1.0 microtype config. file: AMS symbols (b) (RS)
)
Package microtype Info: Character `029' is missing
(microtype)             in font `T1/lmr/m/sc/12'.
(microtype)             Ignoring protrusion settings for this character.
Package microtype Info: Character `029' is missing
(microtype)             in font `T1/lmr/m/sc/20.74'.
(microtype)             Ignoring protrusion settings for this character.
Package microtype Info: Character `029' is missing
(microtype)             in font `T1/lmr/m/sc/14.4'.
(microtype)             Ignoring protrusion settings for this character.
<images/logo.png, id=767, 893.3375pt x 289.08pt>
File: images/logo.png Graphic file (type png)
<use images/logo.png>
Package pdftex.def Info: images/logo.png  used on input line 145.
(pdftex.def)             Requested size: 165.31346pt x 53.49219pt.
<images/X-HEC image.jpg, id=769, 273.02pt x 204.765pt>
File: images/X-HEC image.jpg Graphic file (type jpg)
<use images/X-HEC image.jpg>
Package pdftex.def Info: images/X-HEC image.jpg  used on input line 149.
(pdftex.def)             Requested size: 188.9235pt x 141.69417pt.
 [1

{/usr/local/texlive/2023/texmf-var/fonts/map/pdftex/updmap/pdftex.map}{/usr/local/texlive/2023/texmf-dist/fonts/enc/dvips/lm/lm-ec.enc} <./images/logo.png> <./images/X-HEC image.jpg>] (./parts/executive_summary.tex
Underfull \hbox (badness 10000) in paragraph at lines 3--16

 []


Underfull \hbox (badness 10000) in paragraph at lines 3--16

 []


Underfull \hbox (badness 10000) in paragraph at lines 3--16

 []


Underfull \hbox (badness 10000) in paragraph at lines 3--16

 []

[1

] [2])
Underfull \hbox (badness 10000) in paragraph at lines 21--170

 []


Underfull \hbox (badness 10000) in paragraph at lines 21--170

 []


Underfull \hbox (badness 10000) in paragraph at lines 21--170

 []


Underfull \hbox (badness 10000) in paragraph at lines 21--170

 []

[3] (./parts/preface.tex)
Underfull \hbox (badness 10000) in paragraph at lines 7--175

 []


Underfull \hbox (badness 10000) in paragraph at lines 7--175

 []


Underfull \hbox (badness 10000) in paragraph at lines 7--175

 []


Underfull \hbox (badness 10000) in paragraph at lines 7--175

 []


Underfull \hbox (badness 10000) in paragraph at lines 7--175

 []

[4

] [5] (./parts/remerciements.tex)
Underfull \hbox (badness 10000) in paragraph at lines 1--179

 []


Underfull \hbox (badness 10000) in paragraph at lines 1--179

 []


Underfull \hbox (badness 10000) in paragraph at lines 1--179

 []


Underfull \hbox (badness 10000) in paragraph at lines 1--179

 []


Underfull \hbox (badness 10000) in paragraph at lines 1--179

 []


Underfull \hbox (badness 10000) in paragraph at lines 1--179

 []


Underfull \hbox (badness 10000) in paragraph at lines 1--179

 []

[6

] (./thesis.toc [7


] [8] [9] [10] [11])
\tf@toc=\write5
\openout5 = `thesis.toc'.

 [12] (./thesis.lof)
\tf@lof=\write6
\openout6 = `thesis.lof'.

 [13


] (./thesis.lot)
\tf@lot=\write7
\openout7 = `thesis.lot'.

 [14


] (./parts/introduction.tex
Chapitre 1.

Underfull \hbox (badness 10000) in paragraph at lines 6--16

 []


Underfull \hbox (badness 10000) in paragraph at lines 6--16

 []


Underfull \hbox (badness 10000) in paragraph at lines 6--16

 []


Underfull \hbox (badness 10000) in paragraph at lines 6--16

 []


Underfull \hbox (badness 10000) in paragraph at lines 6--16

 []


pdfTeX warning (ext4): destination with the same identifier (name{page.1}) has been already used, duplicate ignored
<to be read again> 
                   \relax 
l.20 \end{itemize}
                   [1


] [2] [3]) (./parts/literature_review.tex [4]
Chapitre 2.
[5

]
Underfull \hbox (badness 10000) in paragraph at lines 28--33

 []


Underfull \hbox (badness 10000) in paragraph at lines 36--47

 []


Underfull \hbox (badness 10000) in paragraph at lines 36--47

 []


Underfull \hbox (badness 10000) in paragraph at lines 36--47

 []


Underfull \hbox (badness 10000) in paragraph at lines 36--47

 []


Underfull \hbox (badness 10000) in paragraph at lines 36--47

 []

[6]
Underfull \hbox (badness 10000) in paragraph at lines 50--61

 []


Underfull \hbox (badness 10000) in paragraph at lines 50--61

 []


Underfull \hbox (badness 10000) in paragraph at lines 50--61

 []


Underfull \hbox (badness 10000) in paragraph at lines 50--61

 []


Underfull \hbox (badness 10000) in paragraph at lines 50--61

 []

[7]
Underfull \hbox (badness 10000) in paragraph at lines 66--71

 []


Underfull \hbox (badness 10000) in paragraph at lines 66--71

 []

[8]
Underfull \hbox (badness 10000) in paragraph at lines 78--83

 []


Underfull \hbox (badness 10000) in paragraph at lines 78--83

 []


Underfull \hbox (badness 10000) in paragraph at lines 86--94

 []


Underfull \hbox (badness 10000) in paragraph at lines 86--94

 []


Underfull \hbox (badness 10000) in paragraph at lines 86--94

 []

[9]
Underfull \hbox (badness 10000) in paragraph at lines 107--114

 []


Underfull \hbox (badness 10000) in paragraph at lines 107--114

 []


Underfull \hbox (badness 10000) in paragraph at lines 107--114

 []

[10]
Underfull \hbox (badness 10000) in paragraph at lines 119--128

 []


Underfull \hbox (badness 10000) in paragraph at lines 119--128

 []


Underfull \hbox (badness 10000) in paragraph at lines 119--128

 []


Underfull \hbox (badness 10000) in paragraph at lines 119--128

 []

[11]
Underfull \hbox (badness 10000) in paragraph at lines 131--140

 []


Underfull \hbox (badness 10000) in paragraph at lines 131--140

 []


Underfull \hbox (badness 10000) in paragraph at lines 131--140

 []


Underfull \hbox (badness 10000) in paragraph at lines 131--140

 []

[12]
Underfull \hbox (badness 10000) in paragraph at lines 143--152

 []


Underfull \hbox (badness 10000) in paragraph at lines 143--152

 []


Underfull \hbox (badness 10000) in paragraph at lines 143--152

 []


Underfull \hbox (badness 10000) in paragraph at lines 143--152

 []

[13]
Underfull \hbox (badness 10000) in paragraph at lines 157--168

 []


Underfull \hbox (badness 10000) in paragraph at lines 157--168

 []


Underfull \hbox (badness 10000) in paragraph at lines 157--168

 []


Underfull \hbox (badness 10000) in paragraph at lines 157--168

 []


Underfull \hbox (badness 10000) in paragraph at lines 157--168

 []

[14]
Underfull \hbox (badness 10000) in paragraph at lines 171--180

 []


Underfull \hbox (badness 10000) in paragraph at lines 171--180

 []


Underfull \hbox (badness 10000) in paragraph at lines 171--180

 []


Underfull \hbox (badness 10000) in paragraph at lines 171--180

 []

[15]
Underfull \hbox (badness 10000) in paragraph at lines 182--193

 []


Underfull \hbox (badness 10000) in paragraph at lines 182--193

 []


Underfull \hbox (badness 10000) in paragraph at lines 182--193

 []


Underfull \hbox (badness 10000) in paragraph at lines 182--193

 []


Underfull \hbox (badness 10000) in paragraph at lines 182--193

 []

[16]
Underfull \hbox (badness 10000) in paragraph at lines 197--202

 []


Underfull \hbox (badness 10000) in paragraph at lines 197--202

 []


Underfull \hbox (badness 10000) in paragraph at lines 210--213

 []

[17]
Underfull \hbox (badness 10000) in paragraph at lines 221--224

 []


Underfull \hbox (badness 10000) in paragraph at lines 238--247

 []


Underfull \hbox (badness 10000) in paragraph at lines 238--247

 []


Underfull \hbox (badness 10000) in paragraph at lines 238--247

 []


Underfull \hbox (badness 10000) in paragraph at lines 238--247

 []

[18]
Underfull \hbox (badness 10000) in paragraph at lines 250--259

 []


Overfull \hbox (16.53609pt too wide) in paragraph at lines 250--259
\T1/lmr/bx/n/12 (-20) Contribution aux théo-ries d'adop-tion tech-no-lo-gique \T1/lmr/m/n/12 (-20) : Ex-ten-sion des mo-dèles TAM/UTAUT
 []


Underfull \hbox (badness 10000) in paragraph at lines 250--259

 []


Underfull \hbox (badness 10000) in paragraph at lines 250--259

 []


Underfull \hbox (badness 10000) in paragraph at lines 250--259

 []

[19]) (./parts/field_diagnosis.tex
Underfull \hbox (badness 10000) in paragraph at lines 262--1

 []


Underfull \hbox (badness 10000) in paragraph at lines 262--1

 []


Underfull \hbox (badness 10000) in paragraph at lines 262--1

 []


Underfull \hbox (badness 10000) in paragraph at lines 262--1

 []

[20]
Chapitre 3.

Underfull \hbox (badness 10000) in paragraph at lines 10--13

 []

[21

]
Underfull \hbox (badness 10000) in paragraph at lines 20--23

 []

[22]
Underfull \hbox (badness 10000) in paragraph at lines 43--47

 []

LaTeX Font Info:    Trying to load font information for TS1+lmr on input line 62.
(/usr/local/texlive/2023/texmf-dist/tex/latex/lm/ts1lmr.fd
File: ts1lmr.fd 2015/05/01 v1.6.1 Font defs for Latin Modern
)
Underfull \hbox (badness 10000) in paragraph at lines 54--67

 []


Underfull \hbox (badness 10000) in paragraph at lines 54--67

 []


Underfull \hbox (badness 10000) in paragraph at lines 54--67

 []


Underfull \hbox (badness 10000) in paragraph at lines 54--67

 []


Underfull \hbox (badness 10000) in paragraph at lines 54--67

 []


Underfull \hbox (badness 10000) in paragraph at lines 54--67

 []

[23{/usr/local/texlive/2023/texmf-dist/fonts/enc/dvips/lm/lm-mathit.enc}]
Underfull \hbox (badness 10000) in paragraph at lines 70--83

 []


Underfull \hbox (badness 10000) in paragraph at lines 70--83

 []


Underfull \hbox (badness 10000) in paragraph at lines 70--83

 []


Underfull \hbox (badness 10000) in paragraph at lines 70--83

 []


Underfull \hbox (badness 10000) in paragraph at lines 70--83

 []


Underfull \hbox (badness 10000) in paragraph at lines 70--83

 []

[24{/usr/local/texlive/2023/texmf-dist/fonts/enc/dvips/lm/lm-ts1.enc}]
Underfull \hbox (badness 10000) in paragraph at lines 86--97

 []


Underfull \hbox (badness 10000) in paragraph at lines 86--97

 []


Underfull \hbox (badness 10000) in paragraph at lines 86--97

 []


Underfull \hbox (badness 10000) in paragraph at lines 86--97

 []


Underfull \hbox (badness 10000) in paragraph at lines 86--97

 []

[25]
Underfull \hbox (badness 10000) in paragraph at lines 100--108

 []


Underfull \hbox (badness 10000) in paragraph at lines 100--108

 []


Underfull \hbox (badness 10000) in paragraph at lines 100--108

 []


Underfull \hbox (badness 10000) in paragraph at lines 100--108

 []


Underfull \hbox (badness 10000) in paragraph at lines 100--108

 []

[26]
Overfull \hbox (21.48982pt too wide) in paragraph at lines 110--111
[]\T1/lmr/m/n/12 (-20) L'analyse des be-soins ex-pri-més, des bé-né-fices consta-tés et des at-tentes clients/demandeurs/client
 []


Underfull \hbox (badness 10000) in paragraph at lines 114--125

 []


Underfull \hbox (badness 10000) in paragraph at lines 114--125

 []


Underfull \hbox (badness 10000) in paragraph at lines 114--125

 []


Underfull \hbox (badness 10000) in paragraph at lines 114--125

 []


Underfull \hbox (badness 10000) in paragraph at lines 114--125

 []

[27]
Underfull \hbox (badness 10000) in paragraph at lines 128--139

 []


Underfull \hbox (badness 10000) in paragraph at lines 128--139

 []


Underfull \hbox (badness 10000) in paragraph at lines 128--139

 []


Underfull \hbox (badness 10000) in paragraph at lines 128--139

 []


Underfull \hbox (badness 10000) in paragraph at lines 128--139

 []

[28]
Underfull \hbox (badness 10000) in paragraph at lines 142--151

 []


Underfull \hbox (badness 10000) in paragraph at lines 142--151

 []


Underfull \hbox (badness 10000) in paragraph at lines 142--151

 []


Underfull \hbox (badness 10000) in paragraph at lines 142--151

 []

[29]
Underfull \hbox (badness 10000) in paragraph at lines 158--167

 []


Underfull \hbox (badness 10000) in paragraph at lines 158--167

 []


Underfull \hbox (badness 10000) in paragraph at lines 158--167

 []


Underfull \hbox (badness 10000) in paragraph at lines 158--167

 []

[30]
Underfull \hbox (badness 10000) in paragraph at lines 170--179

 []


Underfull \hbox (badness 10000) in paragraph at lines 170--179

 []


Underfull \hbox (badness 10000) in paragraph at lines 170--179

 []


Underfull \hbox (badness 10000) in paragraph at lines 170--179

 []

[31]
Underfull \hbox (badness 10000) in paragraph at lines 182--189

 []


Underfull \hbox (badness 10000) in paragraph at lines 182--189

 []


Underfull \hbox (badness 10000) in paragraph at lines 182--189

 []


Underfull \hbox (badness 10000) in paragraph at lines 203--204
[]|\T1/lmr/m/n/12 (+20) Cabinets bou-tique IA,
 []


Underfull \hbox (badness 10000) in paragraph at lines 203--204
\T1/lmr/m/n/12 (+20) for-ma-teurs in-dé-pen-dants,
 []


Underfull \hbox (badness 10000) in paragraph at lines 204--205
[]|\T1/lmr/m/n/12 (+20) Boutiques IA, ca-bi-nets
 []


Underfull \hbox (badness 7851) in paragraph at lines 205--205
[]|\T1/lmr/m/n/12 (+20) POC/Minimum Viable Au-to-ma-
 []


Underfull \hbox (badness 10000) in paragraph at lines 207--207
[]|\T1/lmr/m/n/12 (+20) Monitoring qua-lité, évo-lu-tion
 []


Underfull \hbox (badness 10000) in paragraph at lines 193--211

 []


Underfull \hbox (badness 10000) in paragraph at lines 214--235

 []


Underfull \hbox (badness 10000) in paragraph at lines 214--235

 []


Underfull \hbox (badness 10000) in paragraph at lines 214--235

 []


Underfull \hbox (badness 10000) in paragraph at lines 214--235

 []


Underfull \hbox (badness 10000) in paragraph at lines 214--235

 []


Underfull \hbox (badness 10000) in paragraph at lines 214--235

 []


Underfull \hbox (badness 10000) in paragraph at lines 214--235

 []


Underfull \hbox (badness 10000) in paragraph at lines 214--235

 []

[32] [33]
Underfull \hbox (badness 10000) in paragraph at lines 238--248

 []


Underfull \hbox (badness 10000) in paragraph at lines 238--248

 []


Underfull \hbox (badness 10000) in paragraph at lines 238--248

 []

[34]
Underfull \hbox (badness 10000) in paragraph at lines 258--260

 []


Underfull \hbox (badness 10000) in paragraph at lines 258--260

 []

[35] [36{/usr/local/texlive/2023/texmf-dist/fonts/enc/dvips/lm/lm-rm.enc}{/usr/local/texlive/2023/texmf-dist/fonts/enc/dvips/lm/lm-mathsy.enc}]
Underfull \hbox (badness 10000) in paragraph at lines 311--314

 []


Underfull \hbox (badness 10000) in paragraph at lines 316--321

 []


Underfull \hbox (badness 10000) in paragraph at lines 323--328

 []


Underfull \hbox (badness 1546) in paragraph at lines 346--346
[]|\T1/lmr/m/n/12 (+20) Coût ho-raire chargé
 []


Underfull \hbox (badness 10000) in paragraph at lines 348--348
[]|\T1/lmr/m/n/12 (+20) Heures ga-
 []


Underfull \hbox (badness 10000) in paragraph at lines 348--348
\T1/lmr/m/n/12 (+20) gnées/ETP/semaine
 []


Underfull \hbox (badness 1221) in paragraph at lines 348--349
\T1/lmr/m/n/12 (+20) avancé (ré-dac-tion, veille) ; 2,5--3h :
 []


Underfull \hbox (badness 1596) in paragraph at lines 348--349
\T1/lmr/m/n/12 (+20) usage ex-pert (au-to-ma-ti-sa-tion work-
 []


Underfull \hbox (badness 10000) in paragraph at lines 350--350
[]|\T1/lmr/m/n/12 (+20) Coût for-ma-
 []

[37{/usr/local/texlive/2023/texmf-dist/fonts/enc/dvips/lm/lm-mathex.enc}]
Overfull \hbox (25.93398pt too wide) in paragraph at lines 371--391
 [][] 
 []

[38] [39]
Underfull \hbox (badness 10000) in paragraph at lines 423--428

 []

[40]
Underfull \hbox (badness 10000) in paragraph at lines 457--464

 []


Underfull \hbox (badness 10000) in paragraph at lines 457--464

 []


Underfull \hbox (badness 10000) in paragraph at lines 457--464

 []

[41]
Underfull \hbox (badness 10000) in paragraph at lines 484--489

 []


Underfull \hbox (badness 10000) in paragraph at lines 484--489

 []

[42] [43]
Underfull \hbox (badness 10000) in paragraph at lines 529--534

 []


Underfull \hbox (badness 10000) in paragraph at lines 529--534

 []


Underfull \hbox (badness 10000) in paragraph at lines 541--544

 []

[44]
Underfull \hbox (badness 10000) in paragraph at lines 554--558

 []


Underfull \hbox (badness 10000) in paragraph at lines 566--569

 []


Underfull \hbox (badness 10000) in paragraph at lines 578--581

 []

[45]) (./parts/luwai_case_study.tex [46]
Chapitre 4.

Underfull \hbox (badness 10000) in paragraph at lines 10--19

 []


Underfull \hbox (badness 10000) in paragraph at lines 10--19

 []


Underfull \hbox (badness 10000) in paragraph at lines 10--19

 []


Underfull \hbox (badness 10000) in paragraph at lines 10--19

 []

[47

]
Underfull \hbox (badness 10000) in paragraph at lines 36--39

 []

[48]
Underfull \hbox (badness 10000) in paragraph at lines 54--58

 []

[49]
Underfull \hbox (badness 10000) in paragraph at lines 71--75

 []


Underfull \hbox (badness 10000) in paragraph at lines 89--93

 []

[50]
Underfull \hbox (badness 10000) in paragraph at lines 111--115

 []


Underfull \hbox (badness 10000) in paragraph at lines 138--142

 []

[51]
Underfull \hbox (badness 10000) in paragraph at lines 165--169

 []

[52]
Underfull \hbox (badness 10000) in paragraph at lines 205--208

 []


Underfull \hbox (badness 10000) in paragraph at lines 215--218

 []

[53]
Underfull \hbox (badness 1033) in paragraph at lines 249--250
[]|\T1/lmr/m/n/12 (+20) Problème re-connu +
 []


Underfull \hbox (badness 2401) in paragraph at lines 251--252
[]|\T1/lmr/m/n/12 (+20) Cycle 4-8 se-maines ;
 []


Underfull \hbox (badness 10000) in paragraph at lines 237--257

 []


Underfull \hbox (badness 10000) in paragraph at lines 268--271

 []

[54]
Underfull \hbox (badness 10000) in paragraph at lines 288--293

 []


Underfull \hbox (badness 10000) in paragraph at lines 288--293

 []


Underfull \hbox (badness 5446) in paragraph at lines 306--307
[]|\T1/lmr/m/n/12 (+20) Test de l'hy-po-thèse du gap
 []


Underfull \hbox (badness 4543) in paragraph at lines 306--307
\T1/lmr/m/n/12 (+20) de com-pé-tences. Trac-tion ra-
 []


Underfull \hbox (badness 1009) in paragraph at lines 307--308
\T1/lmr/m/n/12 (+20) taux de trans-for-ma-tion >60%,
 []


Underfull \hbox (badness 1454) in paragraph at lines 309--310
[]|\T1/lmr/m/n/12 (+20) Meilleur fit or-ga-ni-sa-tion-nel vs
 []


Underfull \hbox (badness 10000) in paragraph at lines 314--324

 []


Underfull \hbox (badness 10000) in paragraph at lines 314--324

 []


Underfull \hbox (badness 10000) in paragraph at lines 314--324

 []

[55] [56]
Underfull \hbox (badness 10000) in paragraph at lines 383--386

 []

[57]
Overfull \hbox (16.45656pt too wide) in paragraph at lines 389--390
[]\T1/lmr/bx/n/12 (-20) Demographics \T1/lmr/m/n/12 (-20) : Dirigeant-propriétaire ou as-so-cié, 45-60 ans, for-ma-tion bu-si-ness/ingénieur 
 []


Overfull \hbox (1.85648pt too wide) in paragraph at lines 399--400
[]\T1/lmr/bx/n/12 (-20) Simplification dé-ci-sion-nelle \T1/lmr/m/n/12 (-20) : So-lu-tions clé-en-main, in-ter-lo-cu-teur unique de confiance 
 []


Underfull \hbox (badness 10000) in paragraph at lines 419--422

 []

[58]
Underfull \hbox (badness 10000) in paragraph at lines 447--451

 []

[59]
Underfull \hbox (badness 2726) in paragraph at lines 480--481
[]|\T1/lmr/m/n/12 (+20) Surinformation mar-ché,
 []


Underfull \hbox (badness 10000) in paragraph at lines 481--481
[]|\T1/lmr/m/n/12 (+20) Recherche com-pa-ra-
 []


Underfull \hbox (badness 10000) in paragraph at lines 481--481
[]|\T1/lmr/m/n/12 (+20) Démo per-son-na-li-sée,
 []


Underfull \hbox (badness 4940) in paragraph at lines 482--482
[]|\T1/lmr/m/n/12 (+20) Comparaison pres-ta-
 []


Underfull \hbox (badness 10000) in paragraph at lines 482--482
[]|\T1/lmr/m/n/12 (+20) Proposition sur-
 []


Underfull \hbox (badness 10000) in paragraph at lines 482--482
\T1/lmr/m/n/12 (+20) mesure, ré-fé-rences
 []


Overfull \hbox (8.18393pt too wide) in paragraph at lines 484--484
[]|\T1/lmr/m/n/12 (-20) Implémentation| 
 []


Underfull \hbox (badness 4819) in paragraph at lines 484--484
[]|\T1/lmr/m/n/12 (+20) Pilote et for-ma-tion
 []


Underfull \hbox (badness 10000) in paragraph at lines 484--485
[]|\T1/lmr/m/n/12 (+20) Résistance équipes,
 []


Underfull \hbox (badness 1708) in paragraph at lines 485--485
[]|\T1/lmr/m/n/12 (+20) Extension usage, re-
 []


Underfull \hbox (badness 10000) in paragraph at lines 485--486
[]|\T1/lmr/m/n/12 (+20) Changement in-ter-lo-cu-
 []


Underfull \hbox (badness 10000) in paragraph at lines 470--489

 []

[60]
Underfull \hbox (badness 10000) in paragraph at lines 519--522

 []


Underfull \hbox (badness 10000) in paragraph at lines 549--552

 []

[61] [62]
Underfull \hbox (badness 10000) in paragraph at lines 632--634

 []


Underfull \hbox (badness 10000) in paragraph at lines 632--634

 []

[63]
Underfull \hbox (badness 10000) in paragraph at lines 650--658

 []


Underfull \hbox (badness 10000) in paragraph at lines 650--658

 []


Underfull \hbox (badness 10000) in paragraph at lines 661--666

 []

[64]
Underfull \hbox (badness 10000) in paragraph at lines 672--675

 []


Underfull \hbox (badness 10000) in paragraph at lines 672--675

 []


Underfull \hbox (badness 10000) in paragraph at lines 677--685

 []


Overfull \hbox (4.60146pt too wide) in paragraph at lines 677--685
\T1/lmr/bx/n/12 (-20) Apprentissage 8 : Le mo-dèle or-ga-ni-sa-tion-nel hy-bride comme ré-ponse aux contraintes
 []


Underfull \hbox (badness 10000) in paragraph at lines 677--685

 []

) (./parts/recommendations.tex
Underfull \hbox (badness 10000) in paragraph at lines 688--1

 []


Underfull \hbox (badness 10000) in paragraph at lines 688--1

 []


Underfull \hbox (badness 10000) in paragraph at lines 688--1

 []


Underfull \hbox (badness 10000) in paragraph at lines 688--1

 []


Underfull \hbox (badness 10000) in paragraph at lines 688--1

 []

[65] [66]
Chapitre 5.

Underfull \hbox (badness 10000) in paragraph at lines 10--12

 []


Underfull \hbox (badness 10000) in paragraph at lines 10--12

 []

[67

]
Underfull \hbox (badness 10000) in paragraph at lines 42--55

 []


Underfull \hbox (badness 10000) in paragraph at lines 42--55

 []


Underfull \hbox (badness 10000) in paragraph at lines 42--55

 []


Underfull \hbox (badness 10000) in paragraph at lines 42--55

 []


Underfull \hbox (badness 10000) in paragraph at lines 42--55

 []


Underfull \hbox (badness 10000) in paragraph at lines 42--55

 []

[68] [69] [70]
Underfull \hbox (badness 10000) in paragraph at lines 63--63
[]|\T1/lmr/bx/n/12 (+20) Impact
 []


Underfull \hbox (badness 10000) in paragraph at lines 63--63
[]|\T1/lmr/bx/n/12 (+20) Adoption
 []


Underfull \hbox (badness 10000) in paragraph at lines 63--63
[]|\T1/lmr/bx/n/12 (+20) Facilité
 []


Overfull \hbox (19.54674pt too wide) in alignment at lines 61--71
 [] [] [] [] [] 
 []


Underfull \hbox (badness 10000) in paragraph at lines 76--79

 []

[71]
Underfull \hbox (badness 10000) in paragraph at lines 95--95
[]|\T1/lmr/m/n/12 (+20) Heures ga-
 []


Underfull \hbox (badness 10000) in paragraph at lines 95--95
\T1/lmr/m/n/12 (+20) gnées/semaine/personne
 []


Overfull \hbox (12.61815pt too wide) in alignment at lines 90--100
 [] [] [] 
 []

[72]) (./parts/conclusion.tex [73]
Chapitre 6.
[74

] [75] [76])
Underfull \hbox (badness 10000) in paragraph at lines 72--203

 []


Underfull \hbox (badness 10000) in paragraph at lines 72--203

 []

[77] [78] [79


] [80] [81]
LaTeX Font Info:    Trying to load font information for T1+lmtt on input line 208.
 (/usr/local/texlive/2023/texmf-dist/tex/latex/lm/t1lmtt.fd
File: t1lmtt.fd 2015/05/01 v1.6.1 Font defs for Latin Modern
)
Package microtype Info: Loading generic protrusion settings for font family
(microtype)             `lmtt' (encoding: T1).
(microtype)             For optimal results, create family-specific settings.
(microtype)             See the microtype manual for details.

Overfull \hbox (19.03827pt too wide) in paragraph at lines 208--208
\T1/lmtt/m/n/12 comment -[] les -[] entreprises -[] peuventelles -[] surmonter -[] les -[] obstacles -[] a -[] ladoption -[]
 []

[82] [83] [84] (./parts/appendix_methodology.tex [85


]
Annexe A.
[86

]
Underfull \hbox (badness 10000) in paragraph at lines 68--68
[]|\T1/lmr/m/n/12 (+20) Infrastructure le-gacy
 []


Underfull \hbox (badness 10000) in paragraph at lines 71--71
[]|\T1/lmr/m/n/12 (+20) Résistance gé-né-ra-tion-
 []

[87]
Underfull \hbox (badness 1406) in paragraph at lines 83--83
[]|\T1/lmr/m/n/12 (+20) Formation / ac-cul-tu-ra-
 []


Underfull \hbox (badness 1082) in paragraph at lines 83--84
[]|\T1/lmr/m/n/12 (+20) Création d'un lan-gage com-mun ; ate-liers CO-
 []


Underfull \hbox (badness 1910) in paragraph at lines 85--86
[]|\T1/lmr/m/n/12 (+20) Réduction du temps heb-do-ma-daire de veille
 []


Underfull \hbox (badness 10000) in paragraph at lines 88--88
[]|\T1/lmr/m/n/12 (+20) Automatisation back-
 []

[88] [89]) (./parts/appendix_data.tex [90]
Annexe B.

Underfull \hbox (badness 10000) in paragraph at lines 10--11
[]|\T1/lmr/bx/n/12 (+20) Rendez-vous
 []


Underfull \hbox (badness 10000) in paragraph at lines 15--15
[]|\T1/lmr/m/n/12 (+20) Technologie/Digital (édi-teurs,
 []

[91

] [92]
Overfull \hbox (35.38087pt too wide) in alignment at lines 73--83
 [] [] [] 
 []

[93]) (./parts/appendix_luwai_model.tex [94]
Annexe C.
[95

]
Overfull \hbox (39.33633pt too wide) in paragraph at lines 50--50
|[]\T1/lmr/bx/n/14.4 (-20) Version 3.0 : Ser-vice in-té-gré formation-conseil-livraison (septembre-
 []

[96]
Overfull \hbox (10.54039pt too wide) in paragraph at lines 88--89
[]\T1/lmr/bx/n/12 (-20) Accompagnement gou-ver-nance \T1/lmr/m/n/12 (-20) : 200-300 \TS1/lmr/m/n/12 (-20) ¿\T1/lmr/m/n/12 (-20) /jour ^^V Ex-per-tise ré-gle-men-taire RGPD/IA
 []


Overfull \hbox (13.85674pt too wide) in alignment at lines 100--109
 [] [] [] [] [] 
 []

[97]
Underfull \hbox (badness 10000) in paragraph at lines 151--152
[]|\T1/lmr/bx/n/12 (+20) Benchmark
 []

[98]
Underfull \hbox (badness 10000) in paragraph at lines 170--170
[]|\T1/lmr/m/n/12 (+20) Taux d'adop-tion post-
 []


Underfull \hbox (badness 10000) in paragraph at lines 170--171
[]|\T1/lmr/m/n/12 (+20) Au-dessus des
 []


Underfull \hbox (badness 10000) in paragraph at lines 170--171
\T1/lmr/m/n/12 (+20) stan-dards (50
 []


Underfull \hbox (badness 1033) in paragraph at lines 172--173
[]|\T1/lmr/m/n/12 (+20) Fidélisation éle-
 []

) (./parts/appendix_sectoral_analysis.tex [99]
Annexe D.

Underfull \hbox (badness 10000) in paragraph at lines 14--15
[]|\T1/lmr/bx/n/12 (+20) Positionnement
 []


Underfull \hbox (badness 10000) in paragraph at lines 16--16
[]|\T1/lmr/m/n/12 (+20) Généraliste, moins
 []


Underfull \hbox (badness 10000) in paragraph at lines 31--32
[]|\T1/lmr/bx/n/12 (+20) Positionnement
 []


Underfull \hbox (badness 10000) in paragraph at lines 35--35
[]|\T1/lmr/m/n/12 (+20) Peu de for-ma-
 []


Underfull \hbox (badness 2096) in paragraph at lines 36--37
[]|\T1/lmr/m/n/12 (+20) Positionnement tech-
 []

[100

]
Underfull \hbox (badness 10000) in paragraph at lines 48--49
[]|\T1/lmr/bx/n/12 (+20) Positionnement
 []


Underfull \hbox (badness 10000) in paragraph at lines 50--50
[]|\T1/lmr/m/n/12 (+20) Souvent tech-nique,
 []


Underfull \hbox (badness 10000) in paragraph at lines 51--51
[]|\T1/lmr/m/n/12 (+20) Positionnement pre-
 []


Underfull \hbox (badness 3260) in paragraph at lines 51--52
[]|\T1/lmr/m/n/12 (+20) Accessible se-lon pa-
 []


Underfull \hbox (badness 10000) in paragraph at lines 53--54
[]|\T1/lmr/m/n/12 (+20) Crédibilité à
 []


Underfull \hbox (badness 10000) in paragraph at lines 65--66
[]|\T1/lmr/bx/n/12 (+20) Positionnement
 []

[101]
Underfull \hbox (badness 10000) in paragraph at lines 80--80
[]|\T1/lmr/bx/n/12 (+20) Avantage concur-
 []


Underfull \hbox (badness 10000) in paragraph at lines 84--84
[]|\T1/lmr/m/n/12 (+20) Agilité en-tre-pre-neu-
 []

[102]
Underfull \hbox (badness 10000) in paragraph at lines 154--154
[]|\T1/lmr/m/n/12 (+20) Différenciation "human-
 []


Underfull \hbox (badness 1783) in paragraph at lines 155--156
[]|\T1/lmr/m/n/12 (+20) Packages mo-du-laires, pri-
 []

[103]
Underfull \hbox (badness 10000) in paragraph at lines 203--204
[]|\T1/lmr/m/n/12 (+20) Consentement ex-pli-cite,
 []


Underfull \hbox (badness 2529) in paragraph at lines 204--205
[]|\T1/lmr/m/n/12 (+20) Anonymisation, du-rée de
 []

[104]) (./parts/appendix_operational_recommendations.tex [105]
Annexe E.

Underfull \hbox (badness 7433) in paragraph at lines 12--12
[]|\T1/lmr/bx/n/12 (+20) Critères d'éva-lua-
 []


Underfull \hbox (badness 1014) in paragraph at lines 15--15
[]|\T1/lmr/m/n/12 (+20) Faisabilité tech-
 []


Underfull \hbox (badness 10000) in paragraph at lines 17--17
[]|\T1/lmr/m/n/12 (+20) Investissement
 []


Underfull \hbox (badness 4013) in paragraph at lines 17--17
[]|\T1/lmr/m/n/12 (+20) Budget, temps, res-
 []


Underfull \hbox (badness 1622) in paragraph at lines 18--18
[]|\T1/lmr/m/n/12 (+20) Technique, ré-gle-men-
 []


Underfull \hbox (badness 10000) in paragraph at lines 18--19
[]|\T1/lmr/m/n/12 (+20) 1=Risques éle-vés,
 []

[106

]
Underfull \hbox (badness 2351) in paragraph at lines 57--57
\T1/lmr/m/n/12 (+20) coût ho-raire \TS1/lmr/m/n/12 (+20) Ö
 []


Underfull \hbox (badness 10000) in paragraph at lines 58--58
[]|\T1/lmr/m/n/12 (+20) Amélioration
 []


Underfull \hbox (badness 10000) in paragraph at lines 59--59
[]|\T1/lmr/m/n/12 (+20) Formation
 []


Overfull \hbox (3.22597pt too wide) in paragraph at lines 60--60
[]|\T1/lmr/m/n/12 (-20) Accompagnement| 
 []

[107] [108]
Underfull \hbox (badness 2626) in paragraph at lines 154--154
[]|\T1/lmr/m/n/12 (+20) Contexte en-tre-
 []


Underfull \hbox (badness 1122) in paragraph at lines 156--156
[]|\T1/lmr/m/n/12 (+20) Cas d'usage ci-
 []


Underfull \hbox (badness 1033) in paragraph at lines 158--158
[]|\T1/lmr/m/n/12 (+20) Livrables at-ten-
 []

[109]
Underfull \hbox (badness 10000) in paragraph at lines 203--203
[]|\T1/lmr/m/n/12 (+20) Participation for-ma-
 []


Underfull \hbox (badness 10000) in paragraph at lines 204--205
[]|\T1/lmr/m/n/12 (+20) Support uti-li-sa-teur,
 []

[110]) [111] (./thesis.aux)
Package rerunfilecheck Info: File `thesis.out' has not changed.
(rerunfilecheck)             Checksum: 04DC14546A6DDAF3B40317B9CF0765E8;51337.
Package logreq Info: Writing requests to 'thesis.run.xml'.
\openout1 = `thesis.run.xml'.

 ) 
Here is how much of TeX's memory you used:
 26714 strings out of 476025
 471696 string characters out of 5790018
 1873388 words of memory out of 5000000
 45792 multiletter control sequences out of 15000+600000
 610616 words of font info for 288 fonts, out of 8000000 for 9000
 1141 hyphenation exceptions out of 8191
 75i,15n,76p,1913b,2300s stack positions out of 10000i,1000n,20000p,200000b,200000s
</usr/local/texlive/2023/texmf-dist/fonts/type1/public/lm/lmbx12.pfb></usr/local/texlive/2023/texmf-dist/fonts/type1/public/lm/lmbx8.pfb></usr/local/texlive/2023/texmf-dist/fonts/type1/public/lm/lmbxi10.pfb></usr/local/texlive/2023/texmf-dist/fonts/type1/public/lm/lmcsc10.pfb></usr/local/texlive/2023/texmf-dist/fonts/type1/public/lm/lmex10.pfb></usr/local/texlive/2023/texmf-dist/fonts/type1/public/lm/lmmi12.pfb></usr/local/texlive/2023/texmf-dist/fonts/type1/public/lm/lmmi8.pfb></usr/local/texlive/2023/texmf-dist/fonts/type1/public/lm/lmr12.pfb></usr/local/texlive/2023/texmf-dist/fonts/type1/public/lm/lmr8.pfb></usr/local/texlive/2023/texmf-dist/fonts/type1/public/lm/lmri12.pfb></usr/local/texlive/2023/texmf-dist/fonts/type1/public/lm/lmsy10.pfb></usr/local/texlive/2023/texmf-dist/fonts/type1/public/lm/lmsy8.pfb></usr/local/texlive/2023/texmf-dist/fonts/type1/public/lm/lmtt12.pfb>
Output written on thesis.pdf (126 pages, 667757 bytes).
PDF statistics:
 2176 PDF objects out of 2487 (max. 8388607)
 1994 compressed objects within 20 object streams
 551 named destinations out of 1000 (max. 500000)
 57339 words of extra memory for PDF output out of 61914 (max. 10000000)

